506
-4 -5 -5
0.000 0.000 0.000
-5 -5 -5
0.000 0.000 0.000
-5 -5 -4
0.000 0.000 0.000
-4 -5 -4
0.000 0.000 0.000
-3 -5 -5
0.459 0.459 0.459
-4 -5 -5
0.459 0.459 0.459
-4 -5 -4
0.459 0.459 0.459
-3 -5 -4
0.459 0.459 0.459
-2 -5 -5
0.000 0.000 0.000
-3 -5 -5
0.000 0.000 0.000
-3 -5 -4
0.000 0.000 0.000
-2 -5 -4
0.000 0.000 0.000
-1 -5 -5
0.544 0.544 0.544
-2 -5 -5
0.544 0.544 0.544
-2 -5 -4
0.544 0.544 0.544
-1 -5 -4
0.544 0.544 0.544
0 -5 -5
0.000 0.000 0.000
-1 -5 -5
0.000 0.000 0.000
-1 -5 -4
0.000 0.000 0.000
0 -5 -4
0.000 0.000 0.000
1 -5 -5
0.549 0.549 0.549
0 -5 -5
0.549 0.549 0.549
0 -5 -4
0.549 0.549 0.549
1 -5 -4
0.549 0.549 0.549
2 -5 -5
0.000 0.000 0.000
1 -5 -5
0.000 0.000 0.000
1 -5 -4
0.000 0.000 0.000
2 -5 -4
0.000 0.000 0.000
3 -5 -5
0.514 0.514 0.514
2 -5 -5
0.514 0.514 0.514
2 -5 -4
0.514 0.514 0.514
3 -5 -4
0.514 0.514 0.514
4 -5 -5
0.000 0.000 0.000
3 -5 -5
0.000 0.000 0.000
3 -5 -4
0.000 0.000 0.000
4 -5 -4
0.000 0.000 0.000
5 -5 -5
0.377 0.377 0.377
4 -5 -5
0.377 0.377 0.377
4 -5 -4
0.377 0.377 0.377
5 -5 -4
0.377 0.377 0.377
-4 -5 -4
0.457 0.457 0.457
-5 -5 -4
0.457 0.457 0.457
-5 -5 -3
0.457 0.457 0.457
-4 -5 -3
0.457 0.457 0.457
-3 -5 -4
0.000 0.000 0.000
-4 -5 -4
0.000 0.000 0.000
-4 -5 -3
0.000 0.000 0.000
-3 -5 -3
0.000 0.000 0.000
-2 -5 -4
0.594 0.594 0.594
-3 -5 -4
0.594 0.594 0.594
-3 -5 -3
0.594 0.594 0.594
-2 -5 -3
0.594 0.594 0.594
-1 -5 -4
0.000 0.000 0.000
-2 -5 -4
0.000 0.000 0.000
-2 -5 -3
0.000 0.000 0.000
-1 -5 -3
0.000 0.000 0.000
0 -5 -4
0.650 0.650 0.650
-1 -5 -4
0.650 0.650 0.650
-1 -5 -3
0.650 0.650 0.650
0 -5 -3
0.650 0.650 0.650
1 -5 -4
0.000 0.000 0.000
0 -5 -4
0.000 0.000 0.000
0 -5 -3
0.000 0.000 0.000
1 -5 -3
0.000 0.000 0.000
2 -5 -4
0.637 0.637 0.637
1 -5 -4
0.637 0.637 0.637
1 -5 -3
0.637 0.637 0.637
2 -5 -3
0.637 0.637 0.637
3 -5 -4
0.000 0.000 0.000
2 -5 -4
0.000 0.000 0.000
2 -5 -3
0.000 0.000 0.000
3 -5 -3
0.000 0.000 0.000
4 -5 -4
0.527 0.527 0.527
3 -5 -4
0.527 0.527 0.527
3 -5 -3
0.527 0.527 0.527
4 -5 -3
0.527 0.527 0.527
5 -5 -4
0.000 0.000 0.000
4 -5 -4
0.000 0.000 0.000
4 -5 -3
0.000 0.000 0.000
5 -5 -3
0.000 0.000 0.000
-4 -5 -3
0.000 0.000 0.000
-5 -5 -3
0.000 0.000 0.000
-5 -5 -2
0.000 0.000 0.000
-4 -5 -2
0.000 0.000 0.000
-3 -5 -3
0.591 0.591 0.591
-4 -5 -3
0.591 0.591 0.591
-4 -5 -2
0.591 0.591 0.591
-3 -5 -2
0.591 0.591 0.591
-2 -5 -3
0.000 0.000 0.000
-3 -5 -3
0.000 0.000 0.000
-3 -5 -2
0.000 0.000 0.000
-2 -5 -2
0.000 0.000 0.000
-1 -5 -3
0.746 0.746 0.746
-2 -5 -3
0.746 0.746 0.746
-2 -5 -2
0.746 0.746 0.746
-1 -5 -2
0.746 0.746 0.746
0 -5 -3
0.000 0.000 0.000
-1 -5 -3
0.000 0.000 0.000
-1 -5 -2
0.000 0.000 0.000
0 -5 -2
0.000 0.000 0.000
1 -5 -3
0.769 0.769 0.769
0 -5 -3
0.769 0.769 0.769
0 -5 -2
0.769 0.769 0.769
1 -5 -2
0.769 0.769 0.769
2 -5 -3
0.000 0.000 0.000
1 -5 -3
0.000 0.000 0.000
1 -5 -2
0.000 0.000 0.000
2 -5 -2
0.000 0.000 0.000
3 -5 -3
0.686 0.686 0.686
2 -5 -3
0.686 0.686 0.686
2 -5 -2
0.686 0.686 0.686
3 -5 -2
0.686 0.686 0.686
4 -5 -3
0.000 0.000 0.000
3 -5 -3
0.000 0.000 0.000
3 -5 -2
0.000 0.000 0.000
4 -5 -2
0.000 0.000 0.000
5 -5 -3
0.467 0.467 0.467
4 -5 -3
0.467 0.467 0.467
4 -5 -2
0.467 0.467 0.467
5 -5 -2
0.467 0.467 0.467
-4 -5 -2
0.530 0.530 0.530
-5 -5 -2
0.530 0.530 0.530
-5 -5 -1
0.530 0.530 0.530
-4 -5 -1
0.530 0.530 0.530
-3 -5 -2
0.000 0.000 0.000
-4 -5 -2
0.000 0.000 0.000
-4 -5 -1
0.000 0.000 0.000
-3 -5 -1
0.000 0.000 0.000
-2 -5 -2
0.740 0.740 0.740
-3 -5 -2
0.740 0.740 0.740
-3 -5 -1
0.740 0.740 0.740
-2 -5 -1
0.740 0.740 0.740
-1 -5 -2
0.000 0.000 0.000
-2 -5 -2
0.000 0.000 0.000
-2 -5 -1
0.000 0.000 0.000
-1 -5 -1
0.000 0.000 0.000
0 -5 -2
0.843 0.843 0.843
-1 -5 -2
0.843 0.843 0.843
-1 -5 -1
0.843 0.843 0.843
0 -5 -1
0.843 0.843 0.843
1 -5 -2
0.000 0.000 0.000
0 -5 -2
0.000 0.000 0.000
0 -5 -1
0.000 0.000 0.000
1 -5 -1
0.000 0.000 0.000
2 -5 -2
0.817 0.817 0.817
1 -5 -2
0.817 0.817 0.817
1 -5 -1
0.817 0.817 0.817
2 -5 -1
0.817 0.817 0.817
3 -5 -2
0.000 0.000 0.000
2 -5 -2
0.000 0.000 0.000
2 -5 -1
0.000 0.000 0.000
3 -5 -1
0.000 0.000 0.000
4 -5 -2
0.632 0.632 0.632
3 -5 -2
0.632 0.632 0.632
3 -5 -1
0.632 0.632 0.632
4 -5 -1
0.632 0.632 0.632
5 -5 -2
0.000 0.000 0.000
4 -5 -2
0.000 0.000 0.000
4 -5 -1
0.000 0.000 0.000
5 -5 -1
0.000 0.000 0.000
-4 -5 -1
0.000 0.000 0.000
-5 -5 -1
0.000 0.000 0.000
-5 -5 0
0.000 0.000 0.000
-4 -5 0
0.000 0.000 0.000
-3 -5 -1
0.635 0.635 0.635
-4 -5 -1
0.635 0.635 0.635
-4 -5 0
0.635 0.635 0.635
-3 -5 0
0.635 0.635 0.635
-2 -5 -1
0.000 0.000 0.000
-3 -5 -1
0.000 0.000 0.000
-3 -5 0
0.000 0.000 0.000
-2 -5 0
0.000 0.000 0.000
-1 -5 -1
0.836 0.836 0.836
-2 -5 -1
0.836 0.836 0.836
-2 -5 0
0.836 0.836 0.836
-1 -5 0
0.836 0.836 0.836
0 -5 -1
0.000 0.000 0.000
-1 -5 -1
0.000 0.000 0.000
-1 -5 0
0.000 0.000 0.000
0 -5 0
0.000 0.000 0.000
1 -5 -1
0.871 0.871 0.871
0 -5 -1
0.871 0.871 0.871
0 -5 0
0.871 0.871 0.871
1 -5 0
0.871 0.871 0.871
2 -5 -1
0.000 0.000 0.000
1 -5 -1
0.000 0.000 0.000
1 -5 0
0.000 0.000 0.000
2 -5 0
0.000 0.000 0.000
3 -5 -1
0.758 0.758 0.758
2 -5 -1
0.758 0.758 0.758
2 -5 0
0.758 0.758 0.758
3 -5 0
0.758 0.758 0.758
4 -5 -1
0.000 0.000 0.000
3 -5 -1
0.000 0.000 0.000
3 -5 0
0.000 0.000 0.000
4 -5 0
0.000 0.000 0.000
5 -5 -1
0.492 0.492 0.492
4 -5 -1
0.492 0.492 0.492
4 -5 0
0.492 0.492 0.492
5 -5 0
0.492 0.492 0.492
-4 -5 0
0.525 0.525 0.525
-5 -5 0
0.525 0.525 0.525
-5 -5 1
0.525 0.525 0.525
-4 -5 1
0.525 0.525 0.525
-3 -5 0
0.000 0.000 0.000
-4 -5 0
0.000 0.000 0.000
-4 -5 1
0.000 0.000 0.000
-3 -5 1
0.000 0.000 0.000
-2 -5 0
0.745 0.745 0.745
-3 -5 0
0.745 0.745 0.745
-3 -5 1
0.745 0.745 0.745
-2 -5 1
0.745 0.745 0.745
-1 -5 0
0.000 0.000 0.000
-2 -5 0
0.000 0.000 0.000
-2 -5 1
0.000 0.000 0.000
-1 -5 1
0.000 0.000 0.000
0 -5 0
0.857 0.857 0.857
-1 -5 0
0.857 0.857 0.857
-1 -5 1
0.857 0.857 0.857
0 -5 1
0.857 0.857 0.857
1 -5 0
0.000 0.000 0.000
0 -5 0
0.000 0.000 0.000
0 -5 1
0.000 0.000 0.000
1 -5 1
0.000 0.000 0.000
2 -5 0
0.829 0.829 0.829
1 -5 0
0.829 0.829 0.829
1 -5 1
0.829 0.829 0.829
2 -5 1
0.829 0.829 0.829
3 -5 0
0.000 0.000 0.000
2 -5 0
0.000 0.000 0.000
2 -5 1
0.000 0.000 0.000
3 -5 1
0.000 0.000 0.000
4 -5 0
0.633 0.633 0.633
3 -5 0
0.633 0.633 0.633
3 -5 1
0.633 0.633 0.633
4 -5 1
0.633 0.633 0.633
5 -5 0
0.000 0.000 0.000
4 -5 0
0.000 0.000 0.000
4 -5 1
0.000 0.000 0.000
5 -5 1
0.000 0.000 0.000
-4 -5 1
0.000 0.000 0.000
-5 -5 1
0.000 0.000 0.000
-5 -5 2
0.000 0.000 0.000
-4 -5 2
0.000 0.000 0.000
-3 -5 1
0.606 0.606 0.606
-4 -5 1
0.606 0.606 0.606
-4 -5 2
0.606 0.606 0.606
-3 -5 2
0.606 0.606 0.606
-2 -5 1
0.000 0.000 0.000
-3 -5 1
0.000 0.000 0.000
-3 -5 2
0.000 0.000 0.000
-2 -5 2
0.000 0.000 0.000
-1 -5 1
0.785 0.785 0.785
-2 -5 1
0.785 0.785 0.785
-2 -5 2
0.785 0.785 0.785
-1 -5 2
0.785 0.785 0.785
0 -5 1
0.000 0.000 0.000
-1 -5 1
0.000 0.000 0.000
-1 -5 2
0.000 0.000 0.000
0 -5 2
0.000 0.000 0.000
1 -5 1
0.814 0.814 0.814
0 -5 1
0.814 0.814 0.814
0 -5 2
0.814 0.814 0.814
1 -5 2
0.814 0.814 0.814
2 -5 1
0.000 0.000 0.000
1 -5 1
0.000 0.000 0.000
1 -5 2
0.000 0.000 0.000
2 -5 2
0.000 0.000 0.000
3 -5 1
0.717 0.717 0.717
2 -5 1
0.717 0.717 0.717
2 -5 2
0.717 0.717 0.717
3 -5 2
0.717 0.717 0.717
4 -5 1
0.000 0.000 0.000
3 -5 1
0.000 0.000 0.000
3 -5 2
0.000 0.000 0.000
4 -5 2
0.000 0.000 0.000
5 -5 1
0.475 0.475 0.475
4 -5 1
0.475 0.475 0.475
4 -5 2
0.475 0.475 0.475
5 -5 2
0.475 0.475 0.475
-4 -5 2
0.476 0.476 0.476
-5 -5 2
0.476 0.476 0.476
-5 -5 3
0.476 0.476 0.476
-4 -5 3
0.476 0.476 0.476
-3 -5 2
0.000 0.000 0.000
-4 -5 2
0.000 0.000 0.000
-4 -5 3
0.000 0.000 0.000
-3 -5 3
0.000 0.000 0.000
-2 -5 2
0.640 0.640 0.640
-3 -5 2
0.640 0.640 0.640
-3 -5 3
0.640 0.640 0.640
-2 -5 3
0.640 0.640 0.640
-1 -5 2
0.000 0.000 0.000
-2 -5 2
0.000 0.000 0.000
-2 -5 3
0.000 0.000 0.000
-1 -5 3
0.000 0.000 0.000
0 -5 2
0.716 0.716 0.716
-1 -5 2
0.716 0.716 0.716
-1 -5 3
0.716 0.716 0.716
0 -5 3
0.716 0.716 0.716
1 -5 2
0.000 0.000 0.000
0 -5 2
0.000 0.000 0.000
0 -5 3
0.000 0.000 0.000
1 -5 3
0.000 0.000 0.000
2 -5 2
0.698 0.698 0.698
1 -5 2
0.698 0.698 0.698
1 -5 3
0.698 0.698 0.698
2 -5 3
0.698 0.698 0.698
3 -5 2
0.000 0.000 0.000
2 -5 2
0.000 0.000 0.000
2 -5 3
0.000 0.000 0.000
3 -5 3
0.000 0.000 0.000
4 -5 2
0.557 0.557 0.557
3 -5 2
0.557 0.557 0.557
3 -5 3
0.557 0.557 0.557
4 -5 3
0.557 0.557 0.557
5 -5 2
0.000 0.000 0.000
4 -5 2
0.000 0.000 0.000
4 -5 3
0.000 0.000 0.000
5 -5 3
0.000 0.000 0.000
-4 -5 3
0.000 0.000 0.000
-5 -5 3
0.000 0.000 0.000
-5 -5 4
0.000 0.000 0.000
-4 -5 4
0.000 0.000 0.000
-3 -5 3
0.469 0.469 0.469
-4 -5 3
0.469 0.469 0.469
-4 -5 4
0.469 0.469 0.469
-3 -5 4
0.469 0.469 0.469
-2 -5 3
0.000 0.000 0.000
-3 -5 3
0.000 0.000 0.000
-3 -5 4
0.000 0.000 0.000
-2 -5 4
0.000 0.000 0.000
-1 -5 3
0.571 0.571 0.571
-2 -5 3
0.571 0.571 0.571
-2 -5 4
0.571 0.571 0.571
-1 -5 4
0.571 0.571 0.571
0 -5 3
0.000 0.000 0.000
-1 -5 3
0.000 0.000 0.000
-1 -5 4
0.000 0.000 0.000
0 -5 4
0.000 0.000 0.000
1 -5 3
0.582 0.582 0.582
0 -5 3
0.582 0.582 0.582
0 -5 4
0.582 0.582 0.582
1 -5 4
0.582 0.582 0.582
2 -5 3
0.000 0.000 0.000
1 -5 3
0.000 0.000 0.000
1 -5 4
0.000 0.000 0.000
2 -5 4
0.000 0.000 0.000
3 -5 3
0.535 0.535 0.535
2 -5 3
0.535 0.535 0.535
2 -5 4
0.535 0.535 0.535
3 -5 4
0.535 0.535 0.535
4 -5 3
0.000 0.000 0.000
3 -5 3
0.000 0.000 0.000
3 -5 4
0.000 0.000 0.000
4 -5 4
0.000 0.000 0.000
5 -5 3
0.377 0.377 0.377
4 -5 3
0.377 0.377 0.377
4 -5 4
0.377 0.377 0.377
5 -5 4
0.377 0.377 0.377
-4 -5 4
0.305 0.305 0.305
-5 -5 4
0.305 0.305 0.305
-5 -5 5
0.305 0.305 0.305
-4 -5 5
0.305 0.305 0.305
-3 -5 4
0.000 0.000 0.000
-4 -5 4
0.000 0.000 0.000
-4 -5 5
0.000 0.000 0.000
-3 -5 5
0.000 0.000 0.000
-2 -5 4
0.424 0.424 0.424
-3 -5 4
0.424 0.424 0.424
-3 -5 5
0.424 0.424 0.424
-2 -5 5
0.424 0.424 0.424
-1 -5 4
0.000 0.000 0.000
-2 -5 4
0.000 0.000 0.000
-2 -5 5
0.000 0.000 0.000
-1 -5 5
0.000 0.000 0.000
0 -5 4
0.453 0.453 0.453
-1 -5 4
0.453 0.453 0.453
-1 -5 5
0.453 0.453 0.453
0 -5 5
0.453 0.453 0.453
1 -5 4
0.000 0.000 0.000
0 -5 4
0.000 0.000 0.000
0 -5 5
0.000 0.000 0.000
1 -5 5
0.000 0.000 0.000
2 -5 4
0.449 0.449 0.449
1 -5 4
0.449 0.449 0.449
1 -5 5
0.449 0.449 0.449
2 -5 5
0.449 0.449 0.449
3 -5 4
0.000 0.000 0.000
2 -5 4
0.000 0.000 0.000
2 -5 5
0.000 0.000 0.000
3 -5 5
0.000 0.000 0.000
4 -5 4
0.376 0.376 0.376
3 -5 4
0.376 0.376 0.376
3 -5 5
0.376 0.376 0.376
4 -5 5
0.376 0.376 0.376
5 -5 4
0.000 0.000 0.000
4 -5 4
0.000 0.000 0.000
4 -5 5
0.000 0.000 0.000
5 -5 5
0.000 0.000 0.000
-5 -5 -5
0.000 0.000 0.000
-5 -4 -5
0.000 0.000 0.000
-5 -4 -4
0.000 0.000 0.000
-5 -5 -4
0.000 0.000 0.000
-5 -4 -5
0.461 0.461 0.461
-5 -3 -5
0.461 0.461 0.461
-5 -3 -4
0.461 0.461 0.461
-5 -4 -4
0.461 0.461 0.461
-5 -3 -5
0.000 0.000 0.000
-5 -2 -5
0.000 0.000 0.000
-5 -2 -4
0.000 0.000 0.000
-5 -3 -4
0.000 0.000 0.000
-5 -2 -5
0.544 0.544 0.544
-5 -1 -5
0.544 0.544 0.544
-5 -1 -4
0.544 0.544 0.544
-5 -2 -4
0.544 0.544 0.544
-5 -1 -5
0.000 0.000 0.000
-5 0 -5
0.000 0.000 0.000
-5 0 -4
0.000 0.000 0.000
-5 -1 -4
0.000 0.000 0.000
-5 0 -5
0.549 0.549 0.549
-5 1 -5
0.549 0.549 0.549
-5 1 -4
0.549 0.549 0.549
-5 0 -4
0.549 0.549 0.549
-5 1 -5
0.000 0.000 0.000
-5 2 -5
0.000 0.000 0.000
-5 2 -4
0.000 0.000 0.000
-5 1 -4
0.000 0.000 0.000
-5 2 -5
0.515 0.515 0.515
-5 3 -5
0.515 0.515 0.515
-5 3 -4
0.515 0.515 0.515
-5 2 -4
0.515 0.515 0.515
-5 3 -5
0.000 0.000 0.000
-5 4 -5
0.000 0.000 0.000
-5 4 -4
0.000 0.000 0.000
-5 3 -4
0.000 0.000 0.000
-5 4 -5
0.378 0.378 0.378
-5 5 -5
0.378 0.378 0.378
-5 5 -4
0.378 0.378 0.378
-5 4 -4
0.378 0.378 0.378
-5 -5 -4
0.464 0.464 0.464
-5 -4 -4
0.464 0.464 0.464
-5 -4 -3
0.464 0.464 0.464
-5 -5 -3
0.464 0.464 0.464
-5 -4 -4
0.000 0.000 0.000
-5 -3 -4
0.000 0.000 0.000
-5 -3 -3
0.000 0.000 0.000
-5 -4 -3
0.000 0.000 0.000
-5 -3 -4
0.595 0.595 0.595
-5 -2 -4
0.595 0.595 0.595
-5 -2 -3
0.595 0.595 0.595
-5 -3 -3
0.595 0.595 0.595
-5 -2 -4
0.000 0.000 0.000
-5 -1 -4
0.000 0.000 0.000
-5 -1 -3
0.000 0.000 0.000
-5 -2 -3
0.000 0.000 0.000
-5 -1 -4
0.651 0.651 0.651
-5 0 -4
0.651 0.651 0.651
-5 0 -3
0.651 0.651 0.651
-5 -1 -3
0.651 0.651 0.651
-5 0 -4
0.000 0.000 0.000
-5 1 -4
0.000 0.000 0.000
-5 1 -3
0.000 0.000 0.000
-5 0 -3
0.000 0.000 0.000
-5 1 -4
0.638 0.638 0.638
-5 2 -4
0.638 0.638 0.638
-5 2 -3
0.638 0.638 0.638
-5 1 -3
0.638 0.638 0.638
-5 2 -4
0.000 0.000 0.000
-5 3 -4
0.000 0.000 0.000
-5 3 -3
0.000 0.000 0.000
-5 2 -3
0.000 0.000 0.000
-5 3 -4
0.527 0.527 0.527
-5 4 -4
0.527 0.527 0.527
-5 4 -3
0.527 0.527 0.527
-5 3 -3
0.527 0.527 0.527
-5 4 -4
0.000 0.000 0.000
-5 5 -4
0.000 0.000 0.000
-5 5 -3
0.000 0.000 0.000
-5 4 -3
0.000 0.000 0.000
-5 -5 -3
0.000 0.000 0.000
-5 -4 -3
0.000 0.000 0.000
-5 -4 -2
0.000 0.000 0.000
-5 -5 -2
0.000 0.000 0.000
-5 -4 -3
0.593 0.593 0.593
-5 -3 -3
0.593 0.593 0.593
-5 -3 -2
0.593 0.593 0.593
-5 -4 -2
0.593 0.593 0.593
-5 -3 -3
0.000 0.000 0.000
-5 -2 -3
0.000 0.000 0.000
-5 -2 -2
0.000 0.000 0.000
-5 -3 -2
0.000 0.000 0.000
-5 -2 -3
0.746 0.746 0.746
-5 -1 -3
0.746 0.746 0.746
-5 -1 -2
0.746 0.746 0.746
-5 -2 -2
0.746 0.746 0.746
-5 -1 -3
0.000 0.000 0.000
-5 0 -3
0.000 0.000 0.000
-5 0 -2
0.000 0.000 0.000
-5 -1 -2
0.000 0.000 0.000
-5 0 -3
0.768 0.768 0.768
-5 1 -3
0.768 0.768 0.768
-5 1 -2
0.768 0.768 0.768
-5 0 -2
0.768 0.768 0.768
-5 1 -3
0.000 0.000 0.000
-5 2 -3
0.000 0.000 0.000
-5 2 -2
0.000 0.000 0.000
-5 1 -2
0.000 0.000 0.000
-5 2 -3
0.687 0.687 0.687
-5 3 -3
0.687 0.687 0.687
-5 3 -2
0.687 0.687 0.687
-5 2 -2
0.687 0.687 0.687
-5 3 -3
0.000 0.000 0.000
-5 4 -3
0.000 0.000 0.000
-5 4 -2
0.000 0.000 0.000
-5 3 -2
0.000 0.000 0.000
-5 4 -3
0.468 0.468 0.468
-5 5 -3
0.468 0.468 0.468
-5 5 -2
0.468 0.468 0.468
-5 4 -2
0.468 0.468 0.468
-5 -5 -2
0.540 0.540 0.540
-5 -4 -2
0.540 0.540 0.540
-5 -4 -1
0.540 0.540 0.540
-5 -5 -1
0.540 0.540 0.540
-5 -4 -2
0.000 0.000 0.000
-5 -3 -2
0.000 0.000 0.000
-5 -3 -1
0.000 0.000 0.000
-5 -4 -1
0.000 0.000 0.000
-5 -3 -2
0.741 0.741 0.741
-5 -2 -2
0.741 0.741 0.741
-5 -2 -1
0.741 0.741 0.741
-5 -3 -1
0.741 0.741 0.741
-5 -2 -2
0.000 0.000 0.000
-5 -1 -2
0.000 0.000 0.000
-5 -1 -1
0.000 0.000 0.000
-5 -2 -1
0.000 0.000 0.000
-5 -1 -2
0.845 0.845 0.845
-5 0 -2
0.845 0.845 0.845
-5 0 -1
0.845 0.845 0.845
-5 -1 -1
0.845 0.845 0.845
-5 0 -2
0.000 0.000 0.000
-5 1 -2
0.000 0.000 0.000
-5 1 -1
0.000 0.000 0.000
-5 0 -1
0.000 0.000 0.000
-5 1 -2
0.819 0.819 0.819
-5 2 -2
0.819 0.819 0.819
-5 2 -1
0.819 0.819 0.819
-5 1 -1
0.819 0.819 0.819
-5 2 -2
0.000 0.000 0.000
-5 3 -2
0.000 0.000 0.000
-5 3 -1
0.000 0.000 0.000
-5 2 -1
0.000 0.000 0.000
-5 3 -2
0.634 0.634 0.634
-5 4 -2
0.634 0.634 0.634
-5 4 -1
0.634 0.634 0.634
-5 3 -1
0.634 0.634 0.634
-5 4 -2
0.000 0.000 0.000
-5 5 -2
0.000 0.000 0.000
-5 5 -1
0.000 0.000 0.000
-5 4 -1
0.000 0.000 0.000
-5 -5 -1
0.000 0.000 0.000
-5 -4 -1
0.000 0.000 0.000
-5 -4 0
0.000 0.000 0.000
-5 -5 0
0.000 0.000 0.000
-5 -4 -1
0.637 0.637 0.637
-5 -3 -1
0.637 0.637 0.637
-5 -3 0
0.637 0.637 0.637
-5 -4 0
0.637 0.637 0.637
-5 -3 -1
0.000 0.000 0.000
-5 -2 -1
0.000 0.000 0.000
-5 -2 0
0.000 0.000 0.000
-5 -3 0
0.000 0.000 0.000
-5 -2 -1
0.835 0.835 0.835
-5 -1 -1
0.835 0.835 0.835
-5 -1 0
0.835 0.835 0.835
-5 -2 0
0.835 0.835 0.835
-5 -1 -1
0.000 0.000 0.000
-5 0 -1
0.000 0.000 0.000
-5 0 0
0.000 0.000 0.000
-5 -1 0
0.000 0.000 0.000
-5 0 -1
0.870 0.870 0.870
-5 1 -1
0.870 0.870 0.870
-5 1 0
0.870 0.870 0.870
-5 0 0
0.870 0.870 0.870
-5 1 -1
0.000 0.000 0.000
-5 2 -1
0.000 0.000 0.000
-5 2 0
0.000 0.000 0.000
-5 1 0
0.000 0.000 0.000
-5 2 -1
0.759 0.759 0.759
-5 3 -1
0.759 0.759 0.759
-5 3 0
0.759 0.759 0.759
-5 2 0
0.759 0.759 0.759
-5 3 -1
0.000 0.000 0.000
-5 4 -1
0.000 0.000 0.000
-5 4 0
0.000 0.000 0.000
-5 3 0
0.000 0.000 0.000
-5 4 -1
0.493 0.493 0.493
-5 5 -1
0.493 0.493 0.493
-5 5 0
0.493 0.493 0.493
-5 4 0
0.493 0.493 0.493
-5 -5 0
0.534 0.534 0.534
-5 -4 0
0.534 0.534 0.534
-5 -4 1
0.534 0.534 0.534
-5 -5 1
0.534 0.534 0.534
-5 -4 0
0.000 0.000 0.000
-5 -3 0
0.000 0.000 0.000
-5 -3 1
0.000 0.000 0.000
-5 -4 1
0.000 0.000 0.000
-5 -3 0
0.746 0.746 0.746
-5 -2 0
0.746 0.746 0.746
-5 -2 1
0.746 0.746 0.746
-5 -3 1
0.746 0.746 0.746
-5 -2 0
0.000 0.000 0.000
-5 -1 0
0.000 0.000 0.000
-5 -1 1
0.000 0.000 0.000
-5 -2 1
0.000 0.000 0.000
-5 -1 0
0.858 0.858 0.858
-5 0 0
0.858 0.858 0.858
-5 0 1
0.858 0.858 0.858
-5 -1 1
0.858 0.858 0.858
-5 0 0
0.000 0.000 0.000
-5 1 0
0.000 0.000 0.000
-5 1 1
0.000 0.000 0.000
-5 0 1
0.000 0.000 0.000
-5 1 0
0.830 0.830 0.830
-5 2 0
0.830 0.830 0.830
-5 2 1
0.830 0.830 0.830
-5 1 1
0.830 0.830 0.830
-5 2 0
0.000 0.000 0.000
-5 3 0
0.000 0.000 0.000
-5 3 1
0.000 0.000 0.000
-5 2 1
0.000 0.000 0.000
-5 3 0
0.634 0.634 0.634
-5 4 0
0.634 0.634 0.634
-5 4 1
0.634 0.634 0.634
-5 3 1
0.634 0.634 0.634
-5 4 0
0.000 0.000 0.000
-5 5 0
0.000 0.000 0.000
-5 5 1
0.000 0.000 0.000
-5 4 1
0.000 0.000 0.000
-5 -5 1
0.000 0.000 0.000
-5 -4 1
0.000 0.000 0.000
-5 -4 2
0.000 0.000 0.000
-5 -5 2
0.000 0.000 0.000
-5 -4 1
0.608 0.608 0.608
-5 -3 1
0.608 0.608 0.608
-5 -3 2
0.608 0.608 0.608
-5 -4 2
0.608 0.608 0.608
-5 -3 1
0.000 0.000 0.000
-5 -2 1
0.000 0.000 0.000
-5 -2 2
0.000 0.000 0.000
-5 -3 2
0.000 0.000 0.000
-5 -2 1
0.785 0.785 0.785
-5 -1 1
0.785 0.785 0.785
-5 -1 2
0.785 0.785 0.785
-5 -2 2
0.785 0.785 0.785
-5 -1 1
0.000 0.000 0.000
-5 0 1
0.000 0.000 0.000
-5 0 2
0.000 0.000 0.000
-5 -1 2
0.000 0.000 0.000
-5 0 1
0.814 0.814 0.814
-5 1 1
0.814 0.814 0.814
-5 1 2
0.814 0.814 0.814
-5 0 2
0.814 0.814 0.814
-5 1 1
0.000 0.000 0.000
-5 2 1
0.000 0.000 0.000
-5 2 2
0.000 0.000 0.000
-5 1 2
0.000 0.000 0.000
-5 2 1
0.717 0.717 0.717
-5 3 1
0.717 0.717 0.717
-5 3 2
0.717 0.717 0.717
-5 2 2
0.717 0.717 0.717
-5 3 1
0.000 0.000 0.000
-5 4 1
0.000 0.000 0.000
-5 4 2
0.000 0.000 0.000
-5 3 2
0.000 0.000 0.000
-5 4 1
0.476 0.476 0.476
-5 5 1
0.476 0.476 0.476
-5 5 2
0.476 0.476 0.476
-5 4 2
0.476 0.476 0.476
-5 -5 2
0.485 0.485 0.485
-5 -4 2
0.485 0.485 0.485
-5 -4 3
0.485 0.485 0.485
-5 -5 3
0.485 0.485 0.485
-5 -4 2
0.000 0.000 0.000
-5 -3 2
0.000 0.000 0.000
-5 -3 3
0.000 0.000 0.000
-5 -4 3
0.000 0.000 0.000
-5 -3 2
0.641 0.641 0.641
-5 -2 2
0.641 0.641 0.641
-5 -2 3
0.641 0.641 0.641
-5 -3 3
0.641 0.641 0.641
-5 -2 2
0.000 0.000 0.000
-5 -1 2
0.000 0.000 0.000
-5 -1 3
0.000 0.000 0.000
-5 -2 3
0.000 0.000 0.000
-5 -1 2
0.717 0.717 0.717
-5 0 2
0.717 0.717 0.717
-5 0 3
0.717 0.717 0.717
-5 -1 3
0.717 0.717 0.717
-5 0 2
0.000 0.000 0.000
-5 1 2
0.000 0.000 0.000
-5 1 3
0.000 0.000 0.000
-5 0 3
0.000 0.000 0.000
-5 1 2
0.700 0.700 0.700
-5 2 2
0.700 0.700 0.700
-5 2 3
0.700 0.700 0.700
-5 1 3
0.700 0.700 0.700
-5 2 2
0.000 0.000 0.000
-5 3 2
0.000 0.000 0.000
-5 3 3
0.000 0.000 0.000
-5 2 3
0.000 0.000 0.000
-5 3 2
0.558 0.558 0.558
-5 4 2
0.558 0.558 0.558
-5 4 3
0.558 0.558 0.558
-5 3 3
0.558 0.558 0.558
-5 4 2
0.000 0.000 0.000
-5 5 2
0.000 0.000 0.000
-5 5 3
0.000 0.000 0.000
-5 4 3
0.000 0.000 0.000
-5 -5 3
0.000 0.000 0.000
-5 -4 3
0.000 0.000 0.000
-5 -4 4
0.000 0.000 0.000
-5 -5 4
0.000 0.000 0.000
-5 -4 3
0.470 0.470 0.470
-5 -3 3
0.470 0.470 0.470
-5 -3 4
0.470 0.470 0.470
-5 -4 4
0.470 0.470 0.470
-5 -3 3
0.000 0.000 0.000
-5 -2 3
0.000 0.000 0.000
-5 -2 4
0.000 0.000 0.000
-5 -3 4
0.000 0.000 0.000
-5 -2 3
0.571 0.571 0.571
-5 -1 3
0.571 0.571 0.571
-5 -1 4
0.571 0.571 0.571
-5 -2 4
0.571 0.571 0.571
-5 -1 3
0.000 0.000 0.000
-5 0 3
0.000 0.000 0.000
-5 0 4
0.000 0.000 0.000
-5 -1 4
0.000 0.000 0.000
-5 0 3
0.583 0.583 0.583
-5 1 3
0.583 0.583 0.583
-5 1 4
0.583 0.583 0.583
-5 0 4
0.583 0.583 0.583
-5 1 3
0.000 0.000 0.000
-5 2 3
0.000 0.000 0.000
-5 2 4
0.000 0.000 0.000
-5 1 4
0.000 0.000 0.000
-5 2 3
0.536 0.536 0.536
-5 3 3
0.536 0.536 0.536
-5 3 4
0.536 0.536 0.536
-5 2 4
0.536 0.536 0.536
-5 3 3
0.000 0.000 0.000
-5 4 3
0.000 0.000 0.000
-5 4 4
0.000 0.000 0.000
-5 3 4
0.000 0.000 0.000
-5 4 3
0.379 0.379 0.379
-5 5 3
0.379 0.379 0.379
-5 5 4
0.379 0.379 0.379
-5 4 4
0.379 0.379 0.379
-5 -5 4
0.305 0.305 0.305
-5 -4 4
0.305 0.305 0.305
-5 -4 5
0.305 0.305 0.305
-5 -5 5
0.305 0.305 0.305
-5 -4 4
0.000 0.000 0.000
-5 -3 4
0.000 0.000 0.000
-5 -3 5
0.000 0.000 0.000
-5 -4 5
0.000 0.000 0.000
-5 -3 4
0.424 0.424 0.424
-5 -2 4
0.424 0.424 0.424
-5 -2 5
0.424 0.424 0.424
-5 -3 5
0.424 0.424 0.424
-5 -2 4
0.000 0.000 0.000
-5 -1 4
0.000 0.000 0.000
-5 -1 5
0.000 0.000 0.000
-5 -2 5
0.000 0.000 0.000
-5 -1 4
0.454 0.454 0.454
-5 0 4
0.454 0.454 0.454
-5 0 5
0.454 0.454 0.454
-5 -1 5
0.454 0.454 0.454
-5 0 4
0.000 0.000 0.000
-5 1 4
0.000 0.000 0.000
-5 1 5
0.000 0.000 0.000
-5 0 5
0.000 0.000 0.000
-5 1 4
0.450 0.450 0.450
-5 2 4
0.450 0.450 0.450
-5 2 5
0.450 0.450 0.450
-5 1 5
0.450 0.450 0.450
-5 2 4
0.000 0.000 0.000
-5 3 4
0.000 0.000 0.000
-5 3 5
0.000 0.000 0.000
-5 2 5
0.000 0.000 0.000
-5 3 4
0.377 0.377 0.377
-5 4 4
0.377 0.377 0.377
-5 4 5
0.377 0.377 0.377
-5 3 5
0.377 0.377 0.377
-5 4 4
0.000 0.000 0.000
-5 5 4
0.000 0.000 0.000
-5 5 5
0.000 0.000 0.000
-5 4 5
0.000 0.000 0.000
-5 5 -5
0.000 0.000 0.000
-4 5 -5
0.000 0.000 0.000
-4 5 -4
0.000 0.000 0.000
-5 5 -4
0.000 0.000 0.000
-4 5 -5
0.424 0.424 0.424
-3 5 -5
0.424 0.424 0.424
-3 5 -4
0.424 0.424 0.424
-4 5 -4
0.424 0.424 0.424
-3 5 -5
0.000 0.000 0.000
-2 5 -5
0.000 0.000 0.000
-2 5 -4
0.000 0.000 0.000
-3 5 -4
0.000 0.000 0.000
-2 5 -5
0.497 0.497 0.497
-1 5 -5
0.497 0.497 0.497
-1 5 -4
0.497 0.497 0.497
-2 5 -4
0.497 0.497 0.497
-1 5 -5
0.000 0.000 0.000
0 5 -5
0.000 0.000 0.000
0 5 -4
0.000 0.000 0.000
-1 5 -4
0.000 0.000 0.000
0 5 -5
0.502 0.502 0.502
1 5 -5
0.502 0.502 0.502
1 5 -4
0.502 0.502 0.502
0 5 -4
0.502 0.502 0.502
1 5 -5
0.000 0.000 0.000
2 5 -5
0.000 0.000 0.000
2 5 -4
0.000 0.000 0.000
1 5 -4
0.000 0.000 0.000
2 5 -5
0.468 0.468 0.468
3 5 -5
0.468 0.468 0.468
3 5 -4
0.468 0.468 0.468
2 5 -4
0.468 0.468 0.468
3 5 -5
0.000 0.000 0.000
4 5 -5
0.000 0.000 0.000
4 5 -4
0.000 0.000 0.000
3 5 -4
0.000 0.000 0.000
4 5 -5
0.327 0.327 0.327
5 5 -5
0.327 0.327 0.327
5 5 -4
0.327 0.327 0.327
4 5 -4
0.327 0.327 0.327
-5 5 -4
0.423 0.423 0.423
-4 5 -4
0.423 0.423 0.423
-4 5 -3
0.423 0.423 0.423
-5 5 -3
0.423 0.423 0.423
-4 5 -4
0.000 0.000 0.000
-3 5 -4
0.000 0.000 0.000
-3 5 -3
0.000 0.000 0.000
-4 5 -3
0.000 0.000 0.000
-3 5 -4
0.596 0.596 0.596
-2 5 -4
0.596 0.596 0.596
-2 5 -3
0.596 0.596 0.596
-3 5 -3
0.596 0.596 0.596
-2 5 -4
0.000 0.000 0.000
-1 5 -4
0.000 0.000 0.000
-1 5 -3
0.000 0.000 0.000
-2 5 -3
0.000 0.000 0.000
-1 5 -4
0.652 0.652 0.652
0 5 -4
0.652 0.652 0.652
0 5 -3
0.652 0.652 0.652
-1 5 -3
0.652 0.652 0.652
0 5 -4
0.000 0.000 0.000
1 5 -4
0.000 0.000 0.000
1 5 -3
0.000 0.000 0.000
0 5 -3
0.000 0.000 0.000
1 5 -4
0.639 0.639 0.639
2 5 -4
0.639 0.639 0.639
2 5 -3
0.639 0.639 0.639
1 5 -3
0.639 0.639 0.639
2 5 -4
0.000 0.000 0.000
3 5 -4
0.000 0.000 0.000
3 5 -3
0.000 0.000 0.000
2 5 -3
0.000 0.000 0.000
3 5 -4
0.522 0.522 0.522
4 5 -4
0.522 0.522 0.522
4 5 -3
0.522 0.522 0.522
3 5 -3
0.522 0.522 0.522
4 5 -4
0.000 0.000 0.000
5 5 -4
0.000 0.000 0.000
5 5 -3
0.000 0.000 0.000
4 5 -3
0.000 0.000 0.000
-5 5 -3
0.000 0.000 0.000
-4 5 -3
0.000 0.000 0.000
-4 5 -2
0.000 0.000 0.000
-5 5 -2
0.000 0.000 0.000
-4 5 -3
0.593 0.593 0.593
-3 5 -3
0.593 0.593 0.593
-3 5 -2
0.593 0.593 0.593
-4 5 -2
0.593 0.593 0.593
-3 5 -3
0.000 0.000 0.000
-2 5 -3
0.000 0.000 0.000
-2 5 -2
0.000 0.000 0.000
-3 5 -2
0.000 0.000 0.000
-2 5 -3
0.745 0.745 0.745
-1 5 -3
0.745 0.745 0.745
-1 5 -2
0.745 0.745 0.745
-2 5 -2
0.745 0.745 0.745
-1 5 -3
0.000 0.000 0.000
0 5 -3
0.000 0.000 0.000
0 5 -2
0.000 0.000 0.000
-1 5 -2
0.000 0.000 0.000
0 5 -3
0.768 0.768 0.768
1 5 -3
0.768 0.768 0.768
1 5 -2
0.768 0.768 0.768
0 5 -2
0.768 0.768 0.768
1 5 -3
0.000 0.000 0.000
2 5 -3
0.000 0.000 0.000
2 5 -2
0.000 0.000 0.000
1 5 -2
0.000 0.000 0.000
2 5 -3
0.686 0.686 0.686
3 5 -3
0.686 0.686 0.686
3 5 -2
0.686 0.686 0.686
2 5 -2
0.686 0.686 0.686
3 5 -3
0.000 0.000 0.000
4 5 -3
0.000 0.000 0.000
4 5 -2
0.000 0.000 0.000
3 5 -2
0.000 0.000 0.000
4 5 -3
0.513 0.513 0.513
5 5 -3
0.513 0.513 0.513
5 5 -2
0.513 0.513 0.513
4 5 -2
0.513 0.513 0.513
-5 5 -2
0.491 0.491 0.491
-4 5 -2
0.491 0.491 0.491
-4 5 -1
0.491 0.491 0.491
-5 5 -1
0.491 0.491 0.491
-4 5 -2
0.000 0.000 0.000
-3 5 -2
0.000 0.000 0.000
-3 5 -1
0.000 0.000 0.000
-4 5 -1
0.000 0.000 0.000
-3 5 -2
0.740 0.740 0.740
-2 5 -2
0.740 0.740 0.740
-2 5 -1
0.740 0.740 0.740
-3 5 -1
0.740 0.740 0.740
-2 5 -2
0.000 0.000 0.000
-1 5 -2
0.000 0.000 0.000
-1 5 -1
0.000 0.000 0.000
-2 5 -1
0.000 0.000 0.000
-1 5 -2
0.846 0.846 0.846
0 5 -2
0.846 0.846 0.846
0 5 -1
0.846 0.846 0.846
-1 5 -1
0.846 0.846 0.846
0 5 -2
0.000 0.000 0.000
1 5 -2
0.000 0.000 0.000
1 5 -1
0.000 0.000 0.000
0 5 -1
0.000 0.000 0.000
1 5 -2
0.819 0.819 0.819
2 5 -2
0.819 0.819 0.819
2 5 -1
0.819 0.819 0.819
1 5 -1
0.819 0.819 0.819
2 5 -2
0.000 0.000 0.000
3 5 -2
0.000 0.000 0.000
3 5 -1
0.000 0.000 0.000
2 5 -1
0.000 0.000 0.000
3 5 -2
0.633 0.633 0.633
4 5 -2
0.633 0.633 0.633
4 5 -1
0.633 0.633 0.633
3 5 -1
0.633 0.633 0.633
4 5 -2
0.000 0.000 0.000
5 5 -2
0.000 0.000 0.000
5 5 -1
0.000 0.000 0.000
4 5 -1
0.000 0.000 0.000
-5 5 -1
0.000 0.000 0.000
-4 5 -1
0.000 0.000 0.000
-4 5 0
0.000 0.000 0.000
-5 5 0
0.000 0.000 0.000
-4 5 -1
0.638 0.638 0.638
-3 5 -1
0.638 0.638 0.638
-3 5 0
0.638 0.638 0.638
-4 5 0
0.638 0.638 0.638
-3 5 -1
0.000 0.000 0.000
-2 5 -1
0.000 0.000 0.000
-2 5 0
0.000 0.000 0.000
-3 5 0
0.000 0.000 0.000
-2 5 -1
0.835 0.835 0.835
-1 5 -1
0.835 0.835 0.835
-1 5 0
0.835 0.835 0.835
-2 5 0
0.835 0.835 0.835
-1 5 -1
0.000 0.000 0.000
0 5 -1
0.000 0.000 0.000
0 5 0
0.000 0.000 0.000
-1 5 0
0.000 0.000 0.000
0 5 -1
0.870 0.870 0.870
1 5 -1
0.870 0.870 0.870
1 5 0
0.870 0.870 0.870
0 5 0
0.870 0.870 0.870
1 5 -1
0.000 0.000 0.000
2 5 -1
0.000 0.000 0.000
2 5 0
0.000 0.000 0.000
1 5 0
0.000 0.000 0.000
2 5 -1
0.760 0.760 0.760
3 5 -1
0.760 0.760 0.760
3 5 0
0.760 0.760 0.760
2 5 0
0.760 0.760 0.760
3 5 -1
0.000 0.000 0.000
4 5 -1
0.000 0.000 0.000
4 5 0
0.000 0.000 0.000
3 5 0
0.000 0.000 0.000
4 5 -1
0.541 0.541 0.541
5 5 -1
0.541 0.541 0.541
5 5 0
0.541 0.541 0.541
4 5 0
0.541 0.541 0.541
-5 5 0
0.486 0.486 0.486
-4 5 0
0.486 0.486 0.486
-4 5 1
0.486 0.486 0.486
-5 5 1
0.486 0.486 0.486
-4 5 0
0.000 0.000 0.000
-3 5 0
0.000 0.000 0.000
-3 5 1
0.000 0.000 0.000
-4 5 1
0.000 0.000 0.000
-3 5 0
0.746 0.746 0.746
-2 5 0
0.746 0.746 0.746
-2 5 1
0.746 0.746 0.746
-3 5 1
0.746 0.746 0.746
-2 5 0
0.000 0.000 0.000
-1 5 0
0.000 0.000 0.000
-1 5 1
0.000 0.000 0.000
-2 5 1
0.000 0.000 0.000
-1 5 0
0.858 0.858 0.858
0 5 0
0.858 0.858 0.858
0 5 1
0.858 0.858 0.858
-1 5 1
0.858 0.858 0.858
0 5 0
0.000 0.000 0.000
1 5 0
0.000 0.000 0.000
1 5 1
0.000 0.000 0.000
0 5 1
0.000 0.000 0.000
1 5 0
0.831 0.831 0.831
2 5 0
0.831 0.831 0.831
2 5 1
0.831 0.831 0.831
1 5 1
0.831 0.831 0.831
2 5 0
0.000 0.000 0.000
3 5 0
0.000 0.000 0.000
3 5 1
0.000 0.000 0.000
2 5 1
0.000 0.000 0.000
3 5 0
0.634 0.634 0.634
4 5 0
0.634 0.634 0.634
4 5 1
0.634 0.634 0.634
3 5 1
0.634 0.634 0.634
4 5 0
0.000 0.000 0.000
5 5 0
0.000 0.000 0.000
5 5 1
0.000 0.000 0.000
4 5 1
0.000 0.000 0.000
-5 5 1
0.000 0.000 0.000
-4 5 1
0.000 0.000 0.000
-4 5 2
0.000 0.000 0.000
-5 5 2
0.000 0.000 0.000
-4 5 1
0.610 0.610 0.610
-3 5 1
0.610 0.610 0.610
-3 5 2
0.610 0.610 0.610
-4 5 2
0.610 0.610 0.610
-3 5 1
0.000 0.000 0.000
-2 5 1
0.000 0.000 0.000
-2 5 2
0.000 0.000 0.000
-3 5 2
0.000 0.000 0.000
-2 5 1
0.786 0.786 0.786
-1 5 1
0.786 0.786 0.786
-1 5 2
0.786 0.786 0.786
-2 5 2
0.786 0.786 0.786
-1 5 1
0.000 0.000 0.000
0 5 1
0.000 0.000 0.000
0 5 2
0.000 0.000 0.000
-1 5 2
0.000 0.000 0.000
0 5 1
0.815 0.815 0.815
1 5 1
0.815 0.815 0.815
1 5 2
0.815 0.815 0.815
0 5 2
0.815 0.815 0.815
1 5 1
0.000 0.000 0.000
2 5 1
0.000 0.000 0.000
2 5 2
0.000 0.000 0.000
1 5 2
0.000 0.000 0.000
2 5 1
0.719 0.719 0.719
3 5 1
0.719 0.719 0.719
3 5 2
0.719 0.719 0.719
2 5 2
0.719 0.719 0.719
3 5 1
0.000 0.000 0.000
4 5 1
0.000 0.000 0.000
4 5 2
0.000 0.000 0.000
3 5 2
0.000 0.000 0.000
4 5 1
0.524 0.524 0.524
5 5 1
0.524 0.524 0.524
5 5 2
0.524 0.524 0.524
4 5 2
0.524 0.524 0.524
-5 5 2
0.441 0.441 0.441
-4 5 2
0.441 0.441 0.441
-4 5 3
0.441 0.441 0.441
-5 5 3
0.441 0.441 0.441
-4 5 2
0.000 0.000 0.000
-3 5 2
0.000 0.000 0.000
-3 5 3
0.000 0.000 0.000
-4 5 3
0.000 0.000 0.000
-3 5 2
0.642 0.642 0.642
-2 5 2
0.642 0.642 0.642
-2 5 3
0.642 0.642 0.642
-3 5 3
0.642 0.642 0.642
-2 5 2
0.000 0.000 0.000
-1 5 2
0.000 0.000 0.000
-1 5 3
0.000 0.000 0.000
-2 5 3
0.000 0.000 0.000
-1 5 2
0.717 0.717 0.717
0 5 2
0.717 0.717 0.717
0 5 3
0.717 0.717 0.717
-1 5 3
0.717 0.717 0.717
0 5 2
0.000 0.000 0.000
1 5 2
0.000 0.000 0.000
1 5 3
0.000 0.000 0.000
0 5 3
0.000 0.000 0.000
1 5 2
0.700 0.700 0.700
2 5 2
0.700 0.700 0.700
2 5 3
0.700 0.700 0.700
1 5 3
0.700 0.700 0.700
2 5 2
0.000 0.000 0.000
3 5 2
0.000 0.000 0.000
3 5 3
0.000 0.000 0.000
2 5 3
0.000 0.000 0.000
3 5 2
0.559 0.559 0.559
4 5 2
0.559 0.559 0.559
4 5 3
0.559 0.559 0.559
3 5 3
0.559 0.559 0.559
4 5 2
0.000 0.000 0.000
5 5 2
0.000 0.000 0.000
5 5 3
0.000 0.000 0.000
4 5 3
0.000 0.000 0.000
-5 5 3
0.000 0.000 0.000
-4 5 3
0.000 0.000 0.000
-4 5 4
0.000 0.000 0.000
-5 5 4
0.000 0.000 0.000
-4 5 3
0.476 0.476 0.476
-3 5 3
0.476 0.476 0.476
-3 5 4
0.476 0.476 0.476
-4 5 4
0.476 0.476 0.476
-3 5 3
0.000 0.000 0.000
-2 5 3
0.000 0.000 0.000
-2 5 4
0.000 0.000 0.000
-3 5 4
0.000 0.000 0.000
-2 5 3
0.572 0.572 0.572
-1 5 3
0.572 0.572 0.572
-1 5 4
0.572 0.572 0.572
-2 5 4
0.572 0.572 0.572
-1 5 3
0.000 0.000 0.000
0 5 3
0.000 0.000 0.000
0 5 4
0.000 0.000 0.000
-1 5 4
0.000 0.000 0.000
0 5 3
0.584 0.584 0.584
1 5 3
0.584 0.584 0.584
1 5 4
0.584 0.584 0.584
0 5 4
0.584 0.584 0.584
1 5 3
0.000 0.000 0.000
2 5 3
0.000 0.000 0.000
2 5 4
0.000 0.000 0.000
1 5 4
0.000 0.000 0.000
2 5 3
0.538 0.538 0.538
3 5 3
0.538 0.538 0.538
3 5 4
0.538 0.538 0.538
2 5 4
0.538 0.538 0.538
3 5 3
0.000 0.000 0.000
4 5 3
0.000 0.000 0.000
4 5 4
0.000 0.000 0.000
3 5 4
0.000 0.000 0.000
4 5 3
0.427 0.427 0.427
5 5 3
0.427 0.427 0.427
5 5 4
0.427 0.427 0.427
4 5 4
0.427 0.427 0.427
-5 5 4
0.318 0.318 0.318
-4 5 4
0.318 0.318 0.318
-4 5 5
0.318 0.318 0.318
-5 5 5
0.318 0.318 0.318
-4 5 4
0.000 0.000 0.000
-3 5 4
0.000 0.000 0.000
-3 5 5
0.000 0.000 0.000
-4 5 5
0.000 0.000 0.000
-3 5 4
0.427 0.427 0.427
-2 5 4
0.427 0.427 0.427
-2 5 5
0.427 0.427 0.427
-3 5 5
0.427 0.427 0.427
-2 5 4
0.000 0.000 0.000
-1 5 4
0.000 0.000 0.000
-1 5 5
0.000 0.000 0.000
-2 5 5
0.000 0.000 0.000
-1 5 4
0.454 0.454 0.454
0 5 4
0.454 0.454 0.454
0 5 5
0.454 0.454 0.454
-1 5 5
0.454 0.454 0.454
0 5 4
0.000 0.000 0.000
1 5 4
0.000 0.000 0.000
1 5 5
0.000 0.000 0.000
0 5 5
0.000 0.000 0.000
1 5 4
0.451 0.451 0.451
2 5 4
0.451 0.451 0.451
2 5 5
0.451 0.451 0.451
1 5 5
0.451 0.451 0.451
2 5 4
0.000 0.000 0.000
3 5 4
0.000 0.000 0.000
3 5 5
0.000 0.000 0.000
2 5 5
0.000 0.000 0.000
3 5 4
0.385 0.385 0.385
4 5 4
0.385 0.385 0.385
4 5 5
0.385 0.385 0.385
3 5 5
0.385 0.385 0.385
4 5 4
0.000 0.000 0.000
5 5 4
0.000 0.000 0.000
5 5 5
0.000 0.000 0.000
4 5 5
0.000 0.000 0.000
-5 -4 -5
0.000 0.000 0.000
-5 -5 -5
0.000 0.000 0.000
-4 -5 -5
0.000 0.000 0.000
-4 -4 -5
0.000 0.000 0.000
-5 -3 -5
0.439 0.439 0.439
-5 -4 -5
0.439 0.439 0.439
-4 -4 -5
0.439 0.439 0.439
-4 -3 -5
0.439 0.439 0.439
-5 -2 -5
0.000 0.000 0.000
-5 -3 -5
0.000 0.000 0.000
-4 -3 -5
0.000 0.000 0.000
-4 -2 -5
0.000 0.000 0.000
-5 -1 -5
0.516 0.516 0.516
-5 -2 -5
0.516 0.516 0.516
-4 -2 -5
0.516 0.516 0.516
-4 -1 -5
0.516 0.516 0.516
-5 0 -5
0.000 0.000 0.000
-5 -1 -5
0.000 0.000 0.000
-4 -1 -5
0.000 0.000 0.000
-4 0 -5
0.000 0.000 0.000
-5 1 -5
0.519 0.519 0.519
-5 0 -5
0.519 0.519 0.519
-4 0 -5
0.519 0.519 0.519
-4 1 -5
0.519 0.519 0.519
-5 2 -5
0.000 0.000 0.000
-5 1 -5
0.000 0.000 0.000
-4 1 -5
0.000 0.000 0.000
-4 2 -5
0.000 0.000 0.000
-5 3 -5
0.487 0.487 0.487
-5 2 -5
0.487 0.487 0.487
-4 2 -5
0.487 0.487 0.487
-4 3 -5
0.487 0.487 0.487
-5 4 -5
0.000 0.000 0.000
-5 3 -5
0.000 0.000 0.000
-4 3 -5
0.000 0.000 0.000
-4 4 -5
0.000 0.000 0.000
-5 5 -5
0.356 0.356 0.356
-5 4 -5
0.356 0.356 0.356
-4 4 -5
0.356 0.356 0.356
-4 5 -5
0.356 0.356 0.356
-4 -4 -5
0.436 0.436 0.436
-4 -5 -5
0.436 0.436 0.436
-3 -5 -5
0.436 0.436 0.436
-3 -4 -5
0.436 0.436 0.436
-4 -3 -5
0.000 0.000 0.000
-4 -4 -5
0.000 0.000 0.000
-3 -4 -5
0.000 0.000 0.000
-3 -3 -5
0.000 0.000 0.000
-4 -2 -5
0.574 0.574 0.574
-4 -3 -5
0.574 0.574 0.574
-3 -3 -5
0.574 0.574 0.574
-3 -2 -5
0.574 0.574 0.574
-4 -1 -5
0.000 0.000 0.000
-4 -2 -5
0.000 0.000 0.000
-3 -2 -5
0.000 0.000 0.000
-3 -1 -5
0.000 0.000 0.000
-4 0 -5
0.625 0.625 0.625
-4 -1 -5
0.625 0.625 0.625
-3 -1 -5
0.625 0.625 0.625
-3 0 -5
0.625 0.625 0.625
-4 1 -5
0.000 0.000 0.000
-4 0 -5
0.000 0.000 0.000
-3 0 -5
0.000 0.000 0.000
-3 1 -5
0.000 0.000 0.000
-4 2 -5
0.613 0.613 0.613
-4 1 -5
0.613 0.613 0.613
-3 1 -5
0.613 0.613 0.613
-3 2 -5
0.613 0.613 0.613
-4 3 -5
0.000 0.000 0.000
-4 2 -5
0.000 0.000 0.000
-3 2 -5
0.000 0.000 0.000
-3 3 -5
0.000 0.000 0.000
-4 4 -5
0.505 0.505 0.505
-4 3 -5
0.505 0.505 0.505
-3 3 -5
0.505 0.505 0.505
-3 4 -5
0.505 0.505 0.505
-4 5 -5
0.000 0.000 0.000
-4 4 -5
0.000 0.000 0.000
-3 4 -5
0.000 0.000 0.000
-3 5 -5
0.000 0.000 0.000
-3 -4 -5
0.000 0.000 0.000
-3 -5 -5
0.000 0.000 0.000
-2 -5 -5
0.000 0.000 0.000
-2 -4 -5
0.000 0.000 0.000
-3 -3 -5
0.574 0.574 0.574
-3 -4 -5
0.574 0.574 0.574
-2 -4 -5
0.574 0.574 0.574
-2 -3 -5
0.574 0.574 0.574
-3 -2 -5
0.000 0.000 0.000
-3 -3 -5
0.000 0.000 0.000
-2 -3 -5
0.000 0.000 0.000
-2 -2 -5
0.000 0.000 0.000
-3 -1 -5
0.726 0.726 0.726
-3 -2 -5
0.726 0.726 0.726
-2 -2 -5
0.726 0.726 0.726
-2 -1 -5
0.726 0.726 0.726
-3 0 -5
0.000 0.000 0.000
-3 -1 -5
0.000 0.000 0.000
-2 -1 -5
0.000 0.000 0.000
-2 0 -5
0.000 0.000 0.000
-3 1 -5
0.744 0.744 0.744
-3 0 -5
0.744 0.744 0.744
-2 0 -5
0.744 0.744 0.744
-2 1 -5
0.744 0.744 0.744
-3 2 -5
0.000 0.000 0.000
-3 1 -5
0.000 0.000 0.000
-2 1 -5
0.000 0.000 0.000
-2 2 -5
0.000 0.000 0.000
-3 3 -5
0.664 0.664 0.664
-3 2 -5
0.664 0.664 0.664
-2 2 -5
0.664 0.664 0.664
-2 3 -5
0.664 0.664 0.664
-3 4 -5
0.000 0.000 0.000
-3 3 -5
0.000 0.000 0.000
-2 3 -5
0.000 0.000 0.000
-2 4 -5
0.000 0.000 0.000
-3 5 -5
0.449 0.449 0.449
-3 4 -5
0.449 0.449 0.449
-2 4 -5
0.449 0.449 0.449
-2 5 -5
0.449 0.449 0.449
-2 -4 -5
0.516 0.516 0.516
-2 -5 -5
0.516 0.516 0.516
-1 -5 -5
0.516 0.516 0.516
-1 -4 -5
0.516 0.516 0.516
-2 -3 -5
0.000 0.000 0.000
-2 -4 -5
0.000 0.000 0.000
-1 -4 -5
0.000 0.000 0.000
-1 -3 -5
0.000 0.000 0.000
-2 -2 -5
0.727 0.727 0.727
-2 -3 -5
0.727 0.727 0.727
-1 -3 -5
0.727 0.727 0.727
-1 -2 -5
0.727 0.727 0.727
-2 -1 -5
0.000 0.000 0.000
-2 -2 -5
0.000 0.000 0.000
-1 -2 -5
0.000 0.000 0.000
-1 -1 -5
0.000 0.000 0.000
-2 0 -5
0.827 0.827 0.827
-2 -1 -5
0.827 0.827 0.827
-1 -1 -5
0.827 0.827 0.827
-1 0 -5
0.827 0.827 0.827
-2 1 -5
0.000 0.000 0.000
-2 0 -5
0.000 0.000 0.000
-1 0 -5
0.000 0.000 0.000
-1 1 -5
0.000 0.000 0.000
-2 2 -5
0.798 0.798 0.798
-2 1 -5
0.798 0.798 0.798
-1 1 -5
0.798 0.798 0.798
-1 2 -5
0.798 0.798 0.798
-2 3 -5
0.000 0.000 0.000
-2 2 -5
0.000 0.000 0.000
-1 2 -5
0.000 0.000 0.000
-1 3 -5
0.000 0.000 0.000
-2 4 -5
0.614 0.614 0.614
-2 3 -5
0.614 0.614 0.614
-1 3 -5
0.614 0.614 0.614
-1 4 -5
0.614 0.614 0.614
-2 5 -5
0.000 0.000 0.000
-2 4 -5
0.000 0.000 0.000
-1 4 -5
0.000 0.000 0.000
-1 5 -5
0.000 0.000 0.000
-1 -4 -5
0.000 0.000 0.000
-1 -5 -5
0.000 0.000 0.000
0 -5 -5
0.000 0.000 0.000
0 -4 -5
0.000 0.000 0.000
-1 -3 -5
0.627 0.627 0.627
-1 -4 -5
0.627 0.627 0.627
0 -4 -5
0.627 0.627 0.627
0 -3 -5
0.627 0.627 0.627
-1 -2 -5
0.000 0.000 0.000
-1 -3 -5
0.000 0.000 0.000
0 -3 -5
0.000 0.000 0.000
0 -2 -5
0.000 0.000 0.000
-1 -1 -5
0.830 0.830 0.830
-1 -2 -5
0.830 0.830 0.830
0 -2 -5
0.830 0.830 0.830
0 -1 -5
0.830 0.830 0.830
-1 0 -5
0.000 0.000 0.000
-1 -1 -5
0.000 0.000 0.000
0 -1 -5
0.000 0.000 0.000
0 0 -5
0.000 0.000 0.000
-1 1 -5
0.858 0.858 0.858
-1 0 -5
0.858 0.858 0.858
0 0 -5
0.858 0.858 0.858
0 1 -5
0.858 0.858 0.858
-1 2 -5
0.000 0.000 0.000
-1 1 -5
0.000 0.000 0.000
0 1 -5
0.000 0.000 0.000
0 2 -5
0.000 0.000 0.000
-1 3 -5
0.744 0.744 0.744
-1 2 -5
0.744 0.744 0.744
0 2 -5
0.744 0.744 0.744
0 3 -5
0.744 0.744 0.744
-1 4 -5
0.000 0.000 0.000
-1 3 -5
0.000 0.000 0.000
0 3 -5
0.000 0.000 0.000
0 4 -5
0.000 0.000 0.000
-1 5 -5
0.479 0.479 0.479
-1 4 -5
0.479 0.479 0.479
0 4 -5
0.479 0.479 0.479
0 5 -5
0.479 0.479 0.479
0 -4 -5
0.520 0.520 0.520
0 -5 -5
0.520 0.520 0.520
1 -5 -5
0.520 0.520 0.520
1 -4 -5
0.520 0.520 0.520
0 -3 -5
0.000 0.000 0.000
0 -4 -5
0.000 0.000 0.000
1 -4 -5
0.000 0.000 0.000
1 -3 -5
0.000 0.000 0.000
0 -2 -5
0.749 0.749 0.749
0 -3 -5
0.749 0.749 0.749
1 -3 -5
0.749 0.749 0.749
1 -2 -5
0.749 0.749 0.749
0 -1 -5
0.000 0.000 0.000
0 -2 -5
0.000 0.000 0.000
1 -2 -5
0.000 0.000 0.000
1 -1 -5
0.000 0.000 0.000
0 0 -5
0.861 0.861 0.861
0 -1 -5
0.861 0.861 0.861
1 -1 -5
0.861 0.861 0.861
1 0 -5
0.861 0.861 0.861
0 1 -5
0.000 0.000 0.000
0 0 -5
0.000 0.000 0.000
1 0 -5
0.000 0.000 0.000
1 1 -5
0.000 0.000 0.000
0 2 -5
0.827 0.827 0.827
0 1 -5
0.827 0.827 0.827
1 1 -5
0.827 0.827 0.827
1 2 -5
0.827 0.827 0.827
0 3 -5
0.000 0.000 0.000
0 2 -5
0.000 0.000 0.000
1 2 -5
0.000 0.000 0.000
1 3 -5
0.000 0.000 0.000
0 4 -5
0.627 0.627 0.627
0 3 -5
0.627 0.627 0.627
1 3 -5
0.627 0.627 0.627
1 4 -5
0.627 0.627 0.627
0 5 -5
0.000 0.000 0.000
0 4 -5
0.000 0.000 0.000
1 4 -5
0.000 0.000 0.000
1 5 -5
0.000 0.000 0.000
1 -4 -5
0.000 0.000 0.000
1 -5 -5
0.000 0.000 0.000
2 -5 -5
0.000 0.000 0.000
2 -4 -5
0.000 0.000 0.000
1 -3 -5
0.616 0.616 0.616
1 -4 -5
0.616 0.616 0.616
2 -4 -5
0.616 0.616 0.616
2 -3 -5
0.616 0.616 0.616
1 -2 -5
0.000 0.000 0.000
1 -3 -5
0.000 0.000 0.000
2 -3 -5
0.000 0.000 0.000
2 -2 -5
0.000 0.000 0.000
1 -1 -5
0.804 0.804 0.804
1 -2 -5
0.804 0.804 0.804
2 -2 -5
0.804 0.804 0.804
2 -1 -5
0.804 0.804 0.804
1 0 -5
0.000 0.000 0.000
1 -1 -5
0.000 0.000 0.000
2 -1 -5
0.000 0.000 0.000
2 0 -5
0.000 0.000 0.000
1 1 -5
0.830 0.830 0.830
1 0 -5
0.830 0.830 0.830
2 0 -5
0.830 0.830 0.830
2 1 -5
0.830 0.830 0.830
1 2 -5
0.000 0.000 0.000
1 1 -5
0.000 0.000 0.000
2 1 -5
0.000 0.000 0.000
2 2 -5
0.000 0.000 0.000
1 3 -5
0.725 0.725 0.725
1 2 -5
0.725 0.725 0.725
2 2 -5
0.725 0.725 0.725
2 3 -5
0.725 0.725 0.725
1 4 -5
0.000 0.000 0.000
1 3 -5
0.000 0.000 0.000
2 3 -5
0.000 0.000 0.000
2 4 -5
0.000 0.000 0.000
1 5 -5
0.475 0.475 0.475
1 4 -5
0.475 0.475 0.475
2 4 -5
0.475 0.475 0.475
2 5 -5
0.475 0.475 0.475
2 -4 -5
0.488 0.488 0.488
2 -5 -5
0.488 0.488 0.488
3 -5 -5
0.488 0.488 0.488
3 -4 -5
0.488 0.488 0.488
2 -3 -5
0.000 0.000 0.000
2 -4 -5
0.000 0.000 0.000
3 -4 -5
0.000 0.000 0.000
3 -3 -5
0.000 0.000 0.000
2 -2 -5
0.669 0.669 0.669
2 -3 -5
0.669 0.669 0.669
3 -3 -5
0.669 0.669 0.669
3 -2 -5
0.669 0.669 0.669
2 -1 -5
0.000 0.000 0.000
2 -2 -5
0.000 0.000 0.000
3 -2 -5
0.000 0.000 0.000
3 -1 -5
0.000 0.000 0.000
2 0 -5
0.749 0.749 0.749
2 -1 -5
0.749 0.749 0.749
3 -1 -5
0.749 0.749 0.749
3 0 -5
0.749 0.749 0.749
2 1 -5
0.000 0.000 0.000
2 0 -5
0.000 0.000 0.000
3 0 -5
0.000 0.000 0.000
3 1 -5
0.000 0.000 0.000
2 2 -5
0.727 0.727 0.727
2 1 -5
0.727 0.727 0.727
3 1 -5
0.727 0.727 0.727
3 2 -5
0.727 0.727 0.727
2 3 -5
0.000 0.000 0.000
2 2 -5
0.000 0.000 0.000
3 2 -5
0.000 0.000 0.000
3 3 -5
0.000 0.000 0.000
2 4 -5
0.573 0.573 0.573
2 3 -5
0.573 0.573 0.573
3 3 -5
0.573 0.573 0.573
3 4 -5
0.573 0.573 0.573
2 5 -5
0.000 0.000 0.000
2 4 -5
0.000 0.000 0.000
3 4 -5
0.000 0.000 0.000
3 5 -5
0.000 0.000 0.000
3 -4 -5
0.000 0.000 0.000
3 -5 -5
0.000 0.000 0.000
4 -5 -5
0.000 0.000 0.000
4 -4 -5
0.000 0.000 0.000
3 -3 -5
0.507 0.507 0.507
3 -4 -5
0.507 0.507 0.507
4 -4 -5
0.507 0.507 0.507
4 -3 -5
0.507 0.507 0.507
3 -2 -5
0.000 0.000 0.000
3 -3 -5
0.000 0.000 0.000
4 -3 -5
0.000 0.000 0.000
4 -2 -5
0.000 0.000 0.000
3 -1 -5
0.619 0.619 0.619
3 -2 -5
0.619 0.619 0.619
4 -2 -5
0.619 0.619 0.619
4 -1 -5
0.619 0.619 0.619
3 0 -5
0.000 0.000 0.000
3 -1 -5
0.000 0.000 0.000
4 -1 -5
0.000 0.000 0.000
4 0 -5
0.000 0.000 0.000
3 1 -5
0.629 0.629 0.629
3 0 -5
0.629 0.629 0.629
4 0 -5
0.629 0.629 0.629
4 1 -5
0.629 0.629 0.629
3 2 -5
0.000 0.000 0.000
3 1 -5
0.000 0.000 0.000
4 1 -5
0.000 0.000 0.000
4 2 -5
0.000 0.000 0.000
3 3 -5
0.573 0.573 0.573
3 2 -5
0.573 0.573 0.573
4 2 -5
0.573 0.573 0.573
4 3 -5
0.573 0.573 0.573
3 4 -5
0.000 0.000 0.000
3 3 -5
0.000 0.000 0.000
4 3 -5
0.000 0.000 0.000
4 4 -5
0.000 0.000 0.000
3 5 -5
0.386 0.386 0.386
3 4 -5
0.386 0.386 0.386
4 4 -5
0.386 0.386 0.386
4 5 -5
0.386 0.386 0.386
4 -4 -5
0.356 0.356 0.356
4 -5 -5
0.356 0.356 0.356
5 -5 -5
0.356 0.356 0.356
5 -4 -5
0.356 0.356 0.356
4 -3 -5
0.000 0.000 0.000
4 -4 -5
0.000 0.000 0.000
5 -4 -5
0.000 0.000 0.000
5 -3 -5
0.000 0.000 0.000
4 -2 -5
0.450 0.450 0.450
4 -3 -5
0.450 0.450 0.450
5 -3 -5
0.450 0.450 0.450
5 -2 -5
0.450 0.450 0.450
4 -1 -5
0.000 0.000 0.000
4 -2 -5
0.000 0.000 0.000
5 -2 -5
0.000 0.000 0.000
5 -1 -5
0.000 0.000 0.000
4 0 -5
0.480 0.480 0.480
4 -1 -5
0.480 0.480 0.480
5 -1 -5
0.480 0.480 0.480
5 0 -5
0.480 0.480 0.480
4 1 -5
0.000 0.000 0.000
4 0 -5
0.000 0.000 0.000
5 0 -5
0.000 0.000 0.000
5 1 -5
0.000 0.000 0.000
4 2 -5
0.475 0.475 0.475
4 1 -5
0.475 0.475 0.475
5 1 -5
0.475 0.475 0.475
5 2 -5
0.475 0.475 0.475
4 3 -5
0.000 0.000 0.000
4 2 -5
0.000 0.000 0.000
5 2 -5
0.000 0.000 0.000
5 3 -5
0.000 0.000 0.000
4 4 -5
0.385 0.385 0.385
4 3 -5
0.385 0.385 0.385
5 3 -5
0.385 0.385 0.385
5 4 -5
0.385 0.385 0.385
4 5 -5
0.000 0.000 0.000
4 4 -5
0.000 0.000 0.000
5 4 -5
0.000 0.000 0.000
5 5 -5
0.000 0.000 0.000
5 -4 -5
0.000 0.000 0.000
5 -5 -5
0.000 0.000 0.000
5 -5 -4
0.000 0.000 0.000
5 -4 -4
0.000 0.000 0.000
5 -3 -5
0.424 0.424 0.424
5 -4 -5
0.424 0.424 0.424
5 -4 -4
0.424 0.424 0.424
5 -3 -4
0.424 0.424 0.424
5 -2 -5
0.000 0.000 0.000
5 -3 -5
0.000 0.000 0.000
5 -3 -4
0.000 0.000 0.000
5 -2 -4
0.000 0.000 0.000
5 -1 -5
0.498 0.498 0.498
5 -2 -5
0.498 0.498 0.498
5 -2 -4
0.498 0.498 0.498
5 -1 -4
0.498 0.498 0.498
5 0 -5
0.000 0.000 0.000
5 -1 -5
0.000 0.000 0.000
5 -1 -4
0.000 0.000 0.000
5 0 -4
0.000 0.000 0.000
5 1 -5
0.502 0.502 0.502
5 0 -5
0.502 0.502 0.502
5 0 -4
0.502 0.502 0.502
5 1 -4
0.502 0.502 0.502
5 2 -5
0.000 0.000 0.000
5 1 -5
0.000 0.000 0.000
5 1 -4
0.000 0.000 0.000
5 2 -4
0.000 0.000 0.000
5 3 -5
0.467 0.467 0.467
5 2 -5
0.467 0.467 0.467
5 2 -4
0.467 0.467 0.467
5 3 -4
0.467 0.467 0.467
5 4 -5
0.000 0.000 0.000
5 3 -5
0.000 0.000 0.000
5 3 -4
0.000 0.000 0.000
5 4 -4
0.000 0.000 0.000
5 5 -5
0.326 0.326 0.326
5 4 -5
0.326 0.326 0.326
5 4 -4
0.326 0.326 0.326
5 5 -4
0.326 0.326 0.326
5 -4 -4
0.423 0.423 0.423
5 -5 -4
0.423 0.423 0.423
5 -5 -3
0.423 0.423 0.423
5 -4 -3
0.423 0.423 0.423
5 -3 -4
0.000 0.000 0.000
5 -4 -4
0.000 0.000 0.000
5 -4 -3
0.000 0.000 0.000
5 -3 -3
0.000 0.000 0.000
5 -2 -4
0.597 0.597 0.597
5 -3 -4
0.597 0.597 0.597
5 -3 -3
0.597 0.597 0.597
5 -2 -3
0.597 0.597 0.597
5 -1 -4
0.000 0.000 0.000
5 -2 -4
0.000 0.000 0.000
5 -2 -3
0.000 0.000 0.000
5 -1 -3
0.000 0.000 0.000
5 0 -4
0.651 0.651 0.651
5 -1 -4
0.651 0.651 0.651
5 -1 -3
0.651 0.651 0.651
5 0 -3
0.651 0.651 0.651
5 1 -4
0.000 0.000 0.000
5 0 -4
0.000 0.000 0.000
5 0 -3
0.000 0.000 0.000
5 1 -3
0.000 0.000 0.000
5 2 -4
0.636 0.636 0.636
5 1 -4
0.636 0.636 0.636
5 1 -3
0.636 0.636 0.636
5 2 -3
0.636 0.636 0.636
5 3 -4
0.000 0.000 0.000
5 2 -4
0.000 0.000 0.000
5 2 -3
0.000 0.000 0.000
5 3 -3
0.000 0.000 0.000
5 4 -4
0.519 0.519 0.519
5 3 -4
0.519 0.519 0.519
5 3 -3
0.519 0.519 0.519
5 4 -3
0.519 0.519 0.519
5 5 -4
0.000 0.000 0.000
5 4 -4
0.000 0.000 0.000
5 4 -3
0.000 0.000 0.000
5 5 -3
0.000 0.000 0.000
5 -4 -3
0.000 0.000 0.000
5 -5 -3
0.000 0.000 0.000
5 -5 -2
0.000 0.000 0.000
5 -4 -2
0.000 0.000 0.000
5 -3 -3
0.595 0.595 0.595
5 -4 -3
0.595 0.595 0.595
5 -4 -2
0.595 0.595 0.595
5 -3 -2
0.595 0.595 0.595
5 -2 -3
0.000 0.000 0.000
5 -3 -3
0.000 0.000 0.000
5 -3 -2
0.000 0.000 0.000
5 -2 -2
0.000 0.000 0.000
5 -1 -3
0.747 0.747 0.747
5 -2 -3
0.747 0.747 0.747
5 -2 -2
0.747 0.747 0.747
5 -1 -2
0.747 0.747 0.747
5 0 -3
0.000 0.000 0.000
5 -1 -3
0.000 0.000 0.000
5 -1 -2
0.000 0.000 0.000
5 0 -2
0.000 0.000 0.000
5 1 -3
0.767 0.767 0.767
5 0 -3
0.767 0.767 0.767
5 0 -2
0.767 0.767 0.767
5 1 -2
0.767 0.767 0.767
5 2 -3
0.000 0.000 0.000
5 1 -3
0.000 0.000 0.000
5 1 -2
0.000 0.000 0.000
5 2 -2
0.000 0.000 0.000
5 3 -3
0.683 0.683 0.683
5 2 -3
0.683 0.683 0.683
5 2 -2
0.683 0.683 0.683
5 3 -2
0.683 0.683 0.683
5 4 -3
0.000 0.000 0.000
5 3 -3
0.000 0.000 0.000
5 3 -2
0.000 0.000 0.000
5 4 -2
0.000 0.000 0.000
5 5 -3
0.503 0.503 0.503
5 4 -3
0.503 0.503 0.503
5 4 -2
0.503 0.503 0.503
5 5 -2
0.503 0.503 0.503
5 -4 -2
0.491 0.491 0.491
5 -5 -2
0.491 0.491 0.491
5 -5 -1
0.491 0.491 0.491
5 -4 -1
0.491 0.491 0.491
5 -3 -2
0.000 0.000 0.000
5 -4 -2
0.000 0.000 0.000
5 -4 -1
0.000 0.000 0.000
5 -3 -1
0.000 0.000 0.000
5 -2 -2
0.743 0.743 0.743
5 -3 -2
0.743 0.743 0.743
5 -3 -1
0.743 0.743 0.743
5 -2 -1
0.743 0.743 0.743
5 -1 -2
0.000 0.000 0.000
5 -2 -2
0.000 0.000 0.000
5 -2 -1
0.000 0.000 0.000
5 -1 -1
0.000 0.000 0.000
5 0 -2
0.845 0.845 0.845
5 -1 -2
0.845 0.845 0.845
5 -1 -1
0.845 0.845 0.845
5 0 -1
0.845 0.845 0.845
5 1 -2
0.000 0.000 0.000
5 0 -2
0.000 0.000 0.000
5 0 -1
0.000 0.000 0.000
5 1 -1
0.000 0.000 0.000
5 2 -2
0.813 0.813 0.813
5 1 -2
0.813 0.813 0.813
5 1 -1
0.813 0.813 0.813
5 2 -1
0.813 0.813 0.813
5 3 -2
0.000 0.000 0.000
5 2 -2
0.000 0.000 0.000
5 2 -1
0.000 0.000 0.000
5 3 -1
0.000 0.000 0.000
5 4 -2
0.627 0.627 0.627
5 3 -2
0.627 0.627 0.627
5 3 -1
0.627 0.627 0.627
5 4 -1
0.627 0.627 0.627
5 5 -2
0.000 0.000 0.000
5 4 -2
0.000 0.000 0.000
5 4 -1
0.000 0.000 0.000
5 5 -1
0.000 0.000 0.000
5 -4 -1
0.000 0.000 0.000
5 -5 -1
0.000 0.000 0.000
5 -5 0
0.000 0.000 0.000
5 -4 0
0.000 0.000 0.000
5 -3 -1
0.641 0.641 0.641
5 -4 -1
0.641 0.641 0.641
5 -4 0
0.641 0.641 0.641
5 -3 0
0.641 0.641 0.641
5 -2 -1
0.000 0.000 0.000
5 -3 -1
0.000 0.000 0.000
5 -3 0
0.000 0.000 0.000
5 -2 0
0.000 0.000 0.000
5 -1 -1
0.840 0.840 0.840
5 -2 -1
0.840 0.840 0.840
5 -2 0
0.840 0.840 0.840
5 -1 0
0.840 0.840 0.840
5 0 -1
0.000 0.000 0.000
5 -1 -1
0.000 0.000 0.000
5 -1 0
0.000 0.000 0.000
5 0 0
0.000 0.000 0.000
5 1 -1
0.869 0.869 0.869
5 0 -1
0.869 0.869 0.869
5 0 0
0.869 0.869 0.869
5 1 0
0.869 0.869 0.869
5 2 -1
0.000 0.000 0.000
5 1 -1
0.000 0.000 0.000
5 1 0
0.000 0.000 0.000
5 2 0
0.000 0.000 0.000
5 3 -1
0.754 0.754 0.754
5 2 -1
0.754 0.754 0.754
5 2 0
0.754 0.754 0.754
5 3 0
0.754 0.754 0.754
5 4 -1
0.000 0.000 0.000
5 3 -1
0.000 0.000 0.000
5 3 0
0.000 0.000 0.000
5 4 0
0.000 0.000 0.000
5 5 -1
0.530 0.530 0.530
5 4 -1
0.530 0.530 0.530
5 4 0
0.530 0.530 0.530
5 5 0
0.530 0.530 0.530
5 -4 0
0.487 0.487 0.487
5 -5 0
0.487 0.487 0.487
5 -5 1
0.487 0.487 0.487
5 -4 1
0.487 0.487 0.487
5 -3 0
0.000 0.000 0.000
5 -4 0
0.000 0.000 0.000
5 -4 1
0.000 0.000 0.000
5 -3 1
0.000 0.000 0.000
5 -2 0
0.750 0.750 0.750
5 -3 0
0.750 0.750 0.750
5 -3 1
0.750 0.750 0.750
5 -2 1
0.750 0.750 0.750
5 -1 0
0.000 0.000 0.000
5 -2 0
0.000 0.000 0.000
5 -2 1
0.000 0.000 0.000
5 -1 1
0.000 0.000 0.000
5 0 0
0.859 0.859 0.859
5 -1 0
0.859 0.859 0.859
5 -1 1
0.859 0.859 0.859
5 0 1
0.859 0.859 0.859
5 1 0
0.000 0.000 0.000
5 0 0
0.000 0.000 0.000
5 0 1
0.000 0.000 0.000
5 1 1
0.000 0.000 0.000
5 2 0
0.825 0.825 0.825
5 1 0
0.825 0.825 0.825
5 1 1
0.825 0.825 0.825
5 2 1
0.825 0.825 0.825
5 3 0
0.000 0.000 0.000
5 2 0
0.000 0.000 0.000
5 2 1
0.000 0.000 0.000
5 3 1
0.000 0.000 0.000
5 4 0
0.628 0.628 0.628
5 3 0
0.628 0.628 0.628
5 3 1
0.628 0.628 0.628
5 4 1
0.628 0.628 0.628
5 5 0
0.000 0.000 0.000
5 4 0
0.000 0.000 0.000
5 4 1
0.000 0.000 0.000
5 5 1
0.000 0.000 0.000
5 -4 1
0.000 0.000 0.000
5 -5 1
0.000 0.000 0.000
5 -5 2
0.000 0.000 0.000
5 -4 2
0.000 0.000 0.000
5 -3 1
0.612 0.612 0.612
5 -4 1
0.612 0.612 0.612
5 -4 2
0.612 0.612 0.612
5 -3 2
0.612 0.612 0.612
5 -2 1
0.000 0.000 0.000
5 -3 1
0.000 0.000 0.000
5 -3 2
0.000 0.000 0.000
5 -2 2
0.000 0.000 0.000
5 -1 1
0.789 0.789 0.789
5 -2 1
0.789 0.789 0.789
5 -2 2
0.789 0.789 0.789
5 -1 2
0.789 0.789 0.789
5 0 1
0.000 0.000 0.000
5 -1 1
0.000 0.000 0.000
5 -1 2
0.000 0.000 0.000
5 0 2
0.000 0.000 0.000
5 1 1
0.813 0.813 0.813
5 0 1
0.813 0.813 0.813
5 0 2
0.813 0.813 0.813
5 1 2
0.813 0.813 0.813
5 2 1
0.000 0.000 0.000
5 1 1
0.000 0.000 0.000
5 1 2
0.000 0.000 0.000
5 2 2
0.000 0.000 0.000
5 3 1
0.714 0.714 0.714
5 2 1
0.714 0.714 0.714
5 2 2
0.714 0.714 0.714
5 3 2
0.714 0.714 0.714
5 4 1
0.000 0.000 0.000
5 3 1
0.000 0.000 0.000
5 3 2
0.000 0.000 0.000
5 4 2
0.000 0.000 0.000
5 5 1
0.513 0.513 0.513
5 4 1
0.513 0.513 0.513
5 4 2
0.513 0.513 0.513
5 5 2
0.513 0.513 0.513
5 -4 2
0.442 0.442 0.442
5 -5 2
0.442 0.442 0.442
5 -5 3
0.442 0.442 0.442
5 -4 3
0.442 0.442 0.442
5 -3 2
0.000 0.000 0.000
5 -4 2
0.000 0.000 0.000
5 -4 3
0.000 0.000 0.000
5 -3 3
0.000 0.000 0.000
5 -2 2
0.644 0.644 0.644
5 -3 2
0.644 0.644 0.644
5 -3 3
0.644 0.644 0.644
5 -2 3
0.644 0.644 0.644
5 -1 2
0.000 0.000 0.000
5 -2 2
0.000 0.000 0.000
5 -2 3
0.000 0.000 0.000
5 -1 3
0.000 0.000 0.000
5 0 2
0.717 0.717 0.717
5 -1 2
0.717 0.717 0.717
5 -1 3
0.717 0.717 0.717
5 0 3
0.717 0.717 0.717
5 1 2
0.000 0.000 0.000
5 0 2
0.000 0.000 0.000
5 0 3
0.000 0.000 0.000
5 1 3
0.000 0.000 0.000
5 2 2
0.697 0.697 0.697
5 1 2
0.697 0.697 0.697
5 1 3
0.697 0.697 0.697
5 2 3
0.697 0.697 0.697
5 3 2
0.000 0.000 0.000
5 2 2
0.000 0.000 0.000
5 2 3
0.000 0.000 0.000
5 3 3
0.000 0.000 0.000
5 4 2
0.555 0.555 0.555
5 3 2
0.555 0.555 0.555
5 3 3
0.555 0.555 0.555
5 4 3
0.555 0.555 0.555
5 5 2
0.000 0.000 0.000
5 4 2
0.000 0.000 0.000
5 4 3
0.000 0.000 0.000
5 5 3
0.000 0.000 0.000
5 -4 3
0.000 0.000 0.000
5 -5 3
0.000 0.000 0.000
5 -5 4
0.000 0.000 0.000
5 -4 4
0.000 0.000 0.000
5 -3 3
0.477 0.477 0.477
5 -4 3
0.477 0.477 0.477
5 -4 4
0.477 0.477 0.477
5 -3 4
0.477 0.477 0.477
5 -2 3
0.000 0.000 0.000
5 -3 3
0.000 0.000 0.000
5 -3 4
0.000 0.000 0.000
5 -2 4
0.000 0.000 0.000
5 -1 3
0.574 0.574 0.574
5 -2 3
0.574 0.574 0.574
5 -2 4
0.574 0.574 0.574
5 -1 4
0.574 0.574 0.574
5 0 3
0.000 0.000 0.000
5 -1 3
0.000 0.000 0.000
5 -1 4
0.000 0.000 0.000
5 0 4
0.000 0.000 0.000
5 1 3
0.583 0.583 0.583
5 0 3
0.583 0.583 0.583
5 0 4
0.583 0.583 0.583
5 1 4
0.583 0.583 0.583
5 2 3
0.000 0.000 0.000
5 1 3
0.000 0.000 0.000
5 1 4
0.000 0.000 0.000
5 2 4
0.000 0.000 0.000
5 3 3
0.535 0.535 0.535
5 2 3
0.535 0.535 0.535
5 2 4
0.535 0.535 0.535
5 3 4
0.535 0.535 0.535
5 4 3
0.000 0.000 0.000
5 3 3
0.000 0.000 0.000
5 3 4
0.000 0.000 0.000
5 4 4
0.000 0.000 0.000
5 5 3
0.418 0.418 0.418
5 4 3
0.418 0.418 0.418
5 4 4
0.418 0.418 0.418
5 5 4
0.418 0.418 0.418
5 -4 4
0.318 0.318 0.318
5 -5 4
0.318 0.318 0.318
5 -5 5
0.318 0.318 0.318
5 -4 5
0.318 0.318 0.318
5 -3 4
0.000 0.000 0.000
5 -4 4
0.000 0.000 0.000
5 -4 5
0.000 0.000 0.000
5 -3 5
0.000 0.000 0.000
5 -2 4
0.426 0.426 0.426
5 -3 4
0.426 0.426 0.426
5 -3 5
0.426 0.426 0.426
5 -2 5
0.426 0.426 0.426
5 -1 4
0.000 0.000 0.000
5 -2 4
0.000 0.000 0.000
5 -2 5
0.000 0.000 0.000
5 -1 5
0.000 0.000 0.000
5 0 4
0.454 0.454 0.454
5 -1 4
0.454 0.454 0.454
5 -1 5
0.454 0.454 0.454
5 0 5
0.454 0.454 0.454
5 1 4
0.000 0.000 0.000
5 0 4
0.000 0.000 0.000
5 0 5
0.000 0.000 0.000
5 1 5
0.000 0.000 0.000
5 2 4
0.450 0.450 0.450
5 1 4
0.450 0.450 0.450
5 1 5
0.450 0.450 0.450
5 2 5
0.450 0.450 0.450
5 3 4
0.000 0.000 0.000
5 2 4
0.000 0.000 0.000
5 2 5
0.000 0.000 0.000
5 3 5
0.000 0.000 0.000
5 4 4
0.383 0.383 0.383
5 3 4
0.383 0.383 0.383
5 3 5
0.383 0.383 0.383
5 4 5
0.383 0.383 0.383
5 5 4
0.000 0.000 0.000
5 4 4
0.000 0.000 0.000
5 4 5
0.000 0.000 0.000
5 5 5
0.000 0.000 0.000
0.5 -0.5 -0.5
60.004 60.004 60.004
0.5 0.5 -0.5
60.004 60.004 60.004
0.5 0.5 0.5
60.004 60.004 60.004
0.5 -0.5 0.5
60.004 60.004 60.004
0.5 0.5 -0.5
60.004 60.004 60.004
-0.5 0.5 -0.5
60.004 60.004 60.004
-0.5 0.5 0.5
60.004 60.004 60.004
0.5 0.5 0.5
60.004 60.004 60.004
-0.5 0.5 -0.5
60.004 60.004 60.004
-0.5 -0.5 -0.5
60.004 60.004 60.004
-0.5 -0.5 0.5
60.004 60.004 60.004
-0.5 0.5 0.5
60.004 60.004 60.004
0.5 -0.5 -0.5
60.004 60.004 60.004
0.5 -0.5 0.5
60.004 60.004 60.004
-0.5 -0.5 0.5
60.004 60.004 60.004
-0.5 -0.5 -0.5
60.004 60.004 60.004
0.5 -0.5 0.5
60.000 60.000 60.000
0.5 0.5 0.5
60.000 60.000 60.000
-0.5 0.5 0.5
60.000 60.000 60.000
-0.5 -0.5 0.5
60.000 60.000 60.000
0.5 -0.5 -0.5
60.004 60.004 60.004
-0.5 -0.5 -0.5
60.004 60.004 60.004
-0.5 0.5 -0.5
60.004 60.004 60.004
0.5 0.5 -0.5
60.004 60.004 60.004
