506
-4 -5 -5
0.000 0.000 0.000
-5 -5 -5
0.000 0.000 0.000
-5 -5 -4
0.000 0.000 0.000
-4 -5 -4
0.000 0.000 0.000
-3 -5 -5
2.785 2.785 2.785
-4 -5 -5
2.785 2.785 2.785
-4 -5 -4
2.785 2.785 2.785
-3 -5 -4
2.785 2.785 2.785
-2 -5 -5
0.000 0.000 0.000
-3 -5 -5
0.000 0.000 0.000
-3 -5 -4
0.000 0.000 0.000
-2 -5 -4
0.000 0.000 0.000
-1 -5 -5
3.350 3.350 3.350
-2 -5 -5
3.350 3.350 3.350
-2 -5 -4
3.350 3.350 3.350
-1 -5 -4
3.350 3.350 3.350
0 -5 -5
0.000 0.000 0.000
-1 -5 -5
0.000 0.000 0.000
-1 -5 -4
0.000 0.000 0.000
0 -5 -4
0.000 0.000 0.000
1 -5 -5
3.553 3.553 3.553
0 -5 -5
3.553 3.553 3.553
0 -5 -4
3.553 3.553 3.553
1 -5 -4
3.553 3.553 3.553
2 -5 -5
0.000 0.000 0.000
1 -5 -5
0.000 0.000 0.000
1 -5 -4
0.000 0.000 0.000
2 -5 -4
0.000 0.000 0.000
3 -5 -5
3.121 3.121 3.121
2 -5 -5
3.121 3.121 3.121
2 -5 -4
3.121 3.121 3.121
3 -5 -4
3.121 3.121 3.121
4 -5 -5
0.000 0.000 0.000
3 -5 -5
0.000 0.000 0.000
3 -5 -4
0.000 0.000 0.000
4 -5 -4
0.000 0.000 0.000
5 -5 -5
2.292 2.292 2.292
4 -5 -5
2.292 2.292 2.292
4 -5 -4
2.292 2.292 2.292
5 -5 -4
2.292 2.292 2.292
-4 -5 -4
2.754 2.754 2.754
-5 -5 -4
2.754 2.754 2.754
-5 -5 -3
2.754 2.754 2.754
-4 -5 -3
2.754 2.754 2.754
-3 -5 -4
0.000 0.000 0.000
-4 -5 -4
0.000 0.000 0.000
-4 -5 -3
0.000 0.000 0.000
-3 -5 -3
0.000 0.000 0.000
-2 -5 -4
3.569 3.569 3.569
-3 -5 -4
3.569 3.569 3.569
-3 -5 -3
3.569 3.569 3.569
-2 -5 -3
3.569 3.569 3.569
-1 -5 -4
0.000 0.000 0.000
-2 -5 -4
0.000 0.000 0.000
-2 -5 -3
0.000 0.000 0.000
-1 -5 -3
0.000 0.000 0.000
0 -5 -4
4.192 4.192 4.192
-1 -5 -4
4.192 4.192 4.192
-1 -5 -3
4.192 4.192 4.192
0 -5 -3
4.192 4.192 4.192
1 -5 -4
0.000 0.000 0.000
0 -5 -4
0.000 0.000 0.000
0 -5 -3
0.000 0.000 0.000
1 -5 -3
0.000 0.000 0.000
2 -5 -4
3.895 3.895 3.895
1 -5 -4
3.895 3.895 3.895
1 -5 -3
3.895 3.895 3.895
2 -5 -3
3.895 3.895 3.895
3 -5 -4
0.000 0.000 0.000
2 -5 -4
0.000 0.000 0.000
2 -5 -3
0.000 0.000 0.000
3 -5 -3
0.000 0.000 0.000
4 -5 -4
3.160 3.160 3.160
3 -5 -4
3.160 3.160 3.160
3 -5 -3
3.160 3.160 3.160
4 -5 -3
3.160 3.160 3.160
5 -5 -4
0.000 0.000 0.000
4 -5 -4
0.000 0.000 0.000
4 -5 -3
0.000 0.000 0.000
5 -5 -3
0.000 0.000 0.000
-4 -5 -3
0.000 0.000 0.000
-5 -5 -3
0.000 0.000 0.000
-5 -5 -2
0.000 0.000 0.000
-4 -5 -2
0.000 0.000 0.000
-3 -5 -3
3.540 3.540 3.540
-4 -5 -3
3.540 3.540 3.540
-4 -5 -2
3.540 3.540 3.540
-3 -5 -2
3.540 3.540 3.540
-2 -5 -3
0.000 0.000 0.000
-3 -5 -3
0.000 0.000 0.000
-3 -5 -2
0.000 0.000 0.000
-2 -5 -2
0.000 0.000 0.000
-1 -5 -3
4.566 4.566 4.566
-2 -5 -3
4.566 4.566 4.566
-2 -5 -2
4.566 4.566 4.566
-1 -5 -2
4.566 4.566 4.566
0 -5 -3
0.000 0.000 0.000
-1 -5 -3
0.000 0.000 0.000
-1 -5 -2
0.000 0.000 0.000
0 -5 -2
0.000 0.000 0.000
1 -5 -3
5.058 5.058 5.058
0 -5 -3
5.058 5.058 5.058
0 -5 -2
5.058 5.058 5.058
1 -5 -2
5.058 5.058 5.058
2 -5 -3
0.000 0.000 0.000
1 -5 -3
0.000 0.000 0.000
1 -5 -2
0.000 0.000 0.000
2 -5 -2
0.000 0.000 0.000
3 -5 -3
4.095 4.095 4.095
2 -5 -3
4.095 4.095 4.095
2 -5 -2
4.095 4.095 4.095
3 -5 -2
4.095 4.095 4.095
4 -5 -3
0.000 0.000 0.000
3 -5 -3
0.000 0.000 0.000
3 -5 -2
0.000 0.000 0.000
4 -5 -2
0.000 0.000 0.000
5 -5 -3
2.817 2.817 2.817
4 -5 -3
2.817 2.817 2.817
4 -5 -2
2.817 2.817 2.817
5 -5 -2
2.817 2.817 2.817
-4 -5 -2
3.236 3.236 3.236
-5 -5 -2
3.236 3.236 3.236
-5 -5 -1
3.236 3.236 3.236
-4 -5 -1
3.236 3.236 3.236
-3 -5 -2
0.000 0.000 0.000
-4 -5 -2
0.000 0.000 0.000
-4 -5 -1
0.000 0.000 0.000
-3 -5 -1
0.000 0.000 0.000
-2 -5 -2
4.504 4.504 4.504
-3 -5 -2
4.504 4.504 4.504
-3 -5 -1
4.504 4.504 4.504
-2 -5 -1
4.504 4.504 4.504
-1 -5 -2
0.000 0.000 0.000
-2 -5 -2
0.000 0.000 0.000
-2 -5 -1
0.000 0.000 0.000
-1 -5 -1
0.000 0.000 0.000
0 -5 -2
5.992 5.992 5.992
-1 -5 -2
5.992 5.992 5.992
-1 -5 -1
5.992 5.992 5.992
0 -5 -1
5.992 5.992 5.992
1 -5 -2
0.000 0.000 0.000
0 -5 -2
0.000 0.000 0.000
0 -5 -1
0.000 0.000 0.000
1 -5 -1
0.000 0.000 0.000
2 -5 -2
5.236 5.236 5.236
1 -5 -2
5.236 5.236 5.236
1 -5 -1
5.236 5.236 5.236
2 -5 -1
5.236 5.236 5.236
3 -5 -2
0.000 0.000 0.000
2 -5 -2
0.000 0.000 0.000
2 -5 -1
0.000 0.000 0.000
3 -5 -1
0.000 0.000 0.000
4 -5 -2
3.832 3.832 3.832
3 -5 -2
3.832 3.832 3.832
3 -5 -1
3.832 3.832 3.832
4 -5 -1
3.832 3.832 3.832
5 -5 -2
0.000 0.000 0.000
4 -5 -2
0.000 0.000 0.000
4 -5 -1
0.000 0.000 0.000
5 -5 -1
0.000 0.000 0.000
-4 -5 -1
0.000 0.000 0.000
-5 -5 -1
0.000 0.000 0.000
-5 -5 0
0.000 0.000 0.000
-4 -5 0
0.000 0.000 0.000
-3 -5 -1
4.069 4.069 4.069
-4 -5 -1
4.069 4.069 4.069
-4 -5 0
4.069 4.069 4.069
-3 -5 0
4.069 4.069 4.069
-2 -5 -1
0.000 0.000 0.000
-3 -5 -1
0.000 0.000 0.000
-3 -5 0
0.000 0.000 0.000
-2 -5 0
0.000 0.000 0.000
-1 -5 -1
5.916 5.916 5.916
-2 -5 -1
5.916 5.916 5.916
-2 -5 0
5.916 5.916 5.916
-1 -5 0
5.916 5.916 5.916
0 -5 -1
0.000 0.000 0.000
-1 -5 -1
0.000 0.000 0.000
-1 -5 0
0.000 0.000 0.000
0 -5 0
0.000 0.000 0.000
1 -5 -1
7.029 7.029 7.029
0 -5 -1
7.029 7.029 7.029
0 -5 0
7.029 7.029 7.029
1 -5 0
7.029 7.029 7.029
2 -5 -1
0.000 0.000 0.000
1 -5 -1
0.000 0.000 0.000
1 -5 0
0.000 0.000 0.000
2 -5 0
0.000 0.000 0.000
3 -5 -1
4.960 4.960 4.960
2 -5 -1
4.960 4.960 4.960
2 -5 0
4.960 4.960 4.960
3 -5 0
4.960 4.960 4.960
4 -5 -1
0.000 0.000 0.000
3 -5 -1
0.000 0.000 0.000
3 -5 0
0.000 0.000 0.000
4 -5 0
0.000 0.000 0.000
5 -5 -1
3.147 3.147 3.147
4 -5 -1
3.147 3.147 3.147
4 -5 0
3.147 3.147 3.147
5 -5 0
3.147 3.147 3.147
-4 -5 0
3.359 3.359 3.359
-5 -5 0
3.359 3.359 3.359
-5 -5 1
3.359 3.359 3.359
-4 -5 1
3.359 3.359 3.359
-3 -5 0
0.000 0.000 0.000
-4 -5 0
0.000 0.000 0.000
-4 -5 1
0.000 0.000 0.000
-3 -5 1
0.000 0.000 0.000
-2 -5 0
4.856 4.856 4.856
-3 -5 0
4.856 4.856 4.856
-3 -5 1
4.856 4.856 4.856
-2 -5 1
4.856 4.856 4.856
-1 -5 0
0.000 0.000 0.000
-2 -5 0
0.000 0.000 0.000
-2 -5 1
0.000 0.000 0.000
-1 -5 1
0.000 0.000 0.000
0 -5 0
6.913 6.913 6.913
-1 -5 0
6.913 6.913 6.913
-1 -5 1
6.913 6.913 6.913
0 -5 1
6.913 6.913 6.913
1 -5 0
0.000 0.000 0.000
0 -5 0
0.000 0.000 0.000
0 -5 1
0.000 0.000 0.000
1 -5 1
0.000 0.000 0.000
2 -5 0
5.866 5.866 5.866
1 -5 0
5.866 5.866 5.866
1 -5 1
5.866 5.866 5.866
2 -5 1
5.866 5.866 5.866
3 -5 0
0.000 0.000 0.000
2 -5 0
0.000 0.000 0.000
2 -5 1
0.000 0.000 0.000
3 -5 1
0.000 0.000 0.000
4 -5 0
4.037 4.037 4.037
3 -5 0
4.037 4.037 4.037
3 -5 1
4.037 4.037 4.037
4 -5 1
4.037 4.037 4.037
5 -5 0
0.000 0.000 0.000
4 -5 0
0.000 0.000 0.000
4 -5 1
0.000 0.000 0.000
5 -5 1
0.000 0.000 0.000
-4 -5 1
0.000 0.000 0.000
-5 -5 1
0.000 0.000 0.000
-5 -5 2
0.000 0.000 0.000
-4 -5 2
0.000 0.000 0.000
-3 -5 1
3.655 3.655 3.655
-4 -5 1
3.655 3.655 3.655
-4 -5 2
3.655 3.655 3.655
-3 -5 2
3.655 3.655 3.655
-2 -5 1
0.000 0.000 0.000
-3 -5 1
0.000 0.000 0.000
-3 -5 2
0.000 0.000 0.000
-2 -5 2
0.000 0.000 0.000
-1 -5 1
4.978 4.978 4.978
-2 -5 1
4.978 4.978 4.978
-2 -5 2
4.978 4.978 4.978
-1 -5 2
4.978 4.978 4.978
0 -5 1
0.000 0.000 0.000
-1 -5 1
0.000 0.000 0.000
-1 -5 2
0.000 0.000 0.000
0 -5 2
0.000 0.000 0.000
1 -5 1
5.744 5.744 5.744
0 -5 1
5.744 5.744 5.744
0 -5 2
5.744 5.744 5.744
1 -5 2
5.744 5.744 5.744
2 -5 1
0.000 0.000 0.000
1 -5 1
0.000 0.000 0.000
1 -5 2
0.000 0.000 0.000
2 -5 2
0.000 0.000 0.000
3 -5 1
4.327 4.327 4.327
2 -5 1
4.327 4.327 4.327
2 -5 2
4.327 4.327 4.327
3 -5 2
4.327 4.327 4.327
4 -5 1
0.000 0.000 0.000
3 -5 1
0.000 0.000 0.000
3 -5 2
0.000 0.000 0.000
4 -5 2
0.000 0.000 0.000
5 -5 1
2.884 2.884 2.884
4 -5 1
2.884 2.884 2.884
4 -5 2
2.884 2.884 2.884
5 -5 2
2.884 2.884 2.884
-4 -5 2
2.904 2.904 2.904
-5 -5 2
2.904 2.904 2.904
-5 -5 3
2.904 2.904 2.904
-4 -5 3
2.904 2.904 2.904
-3 -5 2
0.000 0.000 0.000
-4 -5 2
0.000 0.000 0.000
-4 -5 3
0.000 0.000 0.000
-3 -5 3
0.000 0.000 0.000
-2 -5 2
3.751 3.751 3.751
-3 -5 2
3.751 3.751 3.751
-3 -5 3
3.751 3.751 3.751
-2 -5 3
3.751 3.751 3.751
-1 -5 2
0.000 0.000 0.000
-2 -5 2
0.000 0.000 0.000
-2 -5 3
0.000 0.000 0.000
-1 -5 3
0.000 0.000 0.000
0 -5 2
4.632 4.632 4.632
-1 -5 2
4.632 4.632 4.632
-1 -5 3
4.632 4.632 4.632
0 -5 3
4.632 4.632 4.632
1 -5 2
0.000 0.000 0.000
0 -5 2
0.000 0.000 0.000
0 -5 3
0.000 0.000 0.000
1 -5 3
0.000 0.000 0.000
2 -5 2
4.186 4.186 4.186
1 -5 2
4.186 4.186 4.186
1 -5 3
4.186 4.186 4.186
2 -5 3
4.186 4.186 4.186
3 -5 2
0.000 0.000 0.000
2 -5 2
0.000 0.000 0.000
2 -5 3
0.000 0.000 0.000
3 -5 3
0.000 0.000 0.000
4 -5 2
3.290 3.290 3.290
3 -5 2
3.290 3.290 3.290
3 -5 3
3.290 3.290 3.290
4 -5 3
3.290 3.290 3.290
5 -5 2
0.000 0.000 0.000
4 -5 2
0.000 0.000 0.000
4 -5 3
0.000 0.000 0.000
5 -5 3
0.000 0.000 0.000
-4 -5 3
0.000 0.000 0.000
-5 -5 3
0.000 0.000 0.000
-5 -5 4
0.000 0.000 0.000
-4 -5 4
0.000 0.000 0.000
-3 -5 3
2.810 2.810 2.810
-4 -5 3
2.810 2.810 2.810
-4 -5 4
2.810 2.810 2.810
-3 -5 4
2.810 2.810 2.810
-2 -5 3
0.000 0.000 0.000
-3 -5 3
0.000 0.000 0.000
-3 -5 4
0.000 0.000 0.000
-2 -5 4
0.000 0.000 0.000
-1 -5 3
3.412 3.412 3.412
-2 -5 3
3.412 3.412 3.412
-2 -5 4
3.412 3.412 3.412
-1 -5 4
3.412 3.412 3.412
0 -5 3
0.000 0.000 0.000
-1 -5 3
0.000 0.000 0.000
-1 -5 4
0.000 0.000 0.000
0 -5 4
0.000 0.000 0.000
1 -5 3
3.681 3.681 3.681
0 -5 3
3.681 3.681 3.681
0 -5 4
3.681 3.681 3.681
1 -5 4
3.681 3.681 3.681
2 -5 3
0.000 0.000 0.000
1 -5 3
0.000 0.000 0.000
1 -5 4
0.000 0.000 0.000
2 -5 4
0.000 0.000 0.000
3 -5 3
3.147 3.147 3.147
2 -5 3
3.147 3.147 3.147
2 -5 4
3.147 3.147 3.147
3 -5 4
3.147 3.147 3.147
4 -5 3
0.000 0.000 0.000
3 -5 3
0.000 0.000 0.000
3 -5 4
0.000 0.000 0.000
4 -5 4
0.000 0.000 0.000
5 -5 3
2.306 2.306 2.306
4 -5 3
2.306 2.306 2.306
4 -5 4
2.306 2.306 2.306
5 -5 4
2.306 2.306 2.306
-4 -5 4
2.141 2.141 2.141
-5 -5 4
2.141 2.141 2.141
-5 -5 5
2.141 2.141 2.141
-4 -5 5
2.141 2.141 2.141
-3 -5 4
0.000 0.000 0.000
-4 -5 4
0.000 0.000 0.000
-4 -5 5
0.000 0.000 0.000
-3 -5 5
0.000 0.000 0.000
-2 -5 4
2.553 2.553 2.553
-3 -5 4
2.553 2.553 2.553
-3 -5 5
2.553 2.553 2.553
-2 -5 5
2.553 2.553 2.553
-1 -5 4
0.000 0.000 0.000
-2 -5 4
0.000 0.000 0.000
-2 -5 5
0.000 0.000 0.000
-1 -5 5
0.000 0.000 0.000
0 -5 4
2.888 2.888 2.888
-1 -5 4
2.888 2.888 2.888
-1 -5 5
2.888 2.888 2.888
0 -5 5
2.888 2.888 2.888
1 -5 4
0.000 0.000 0.000
0 -5 4
0.000 0.000 0.000
0 -5 5
0.000 0.000 0.000
1 -5 5
0.000 0.000 0.000
2 -5 4
2.720 2.720 2.720
1 -5 4
2.720 2.720 2.720
1 -5 5
2.720 2.720 2.720
2 -5 5
2.720 2.720 2.720
3 -5 4
0.000 0.000 0.000
2 -5 4
0.000 0.000 0.000
2 -5 5
0.000 0.000 0.000
3 -5 5
0.000 0.000 0.000
4 -5 4
2.311 2.311 2.311
3 -5 4
2.311 2.311 2.311
3 -5 5
2.311 2.311 2.311
4 -5 5
2.311 2.311 2.311
5 -5 4
0.000 0.000 0.000
4 -5 4
0.000 0.000 0.000
4 -5 5
0.000 0.000 0.000
5 -5 5
0.000 0.000 0.000
-5 -5 -5
0.000 0.000 0.000
-5 -4 -5
0.000 0.000 0.000
-5 -4 -4
0.000 0.000 0.000
-5 -5 -4
0.000 0.000 0.000
-5 -4 -5
2.794 2.794 2.794
-5 -3 -5
2.794 2.794 2.794
-5 -3 -4
2.794 2.794 2.794
-5 -4 -4
2.794 2.794 2.794
-5 -3 -5
0.000 0.000 0.000
-5 -2 -5
0.000 0.000 0.000
-5 -2 -4
0.000 0.000 0.000
-5 -3 -4
0.000 0.000 0.000
-5 -2 -5
3.354 3.354 3.354
-5 -1 -5
3.354 3.354 3.354
-5 -1 -4
3.354 3.354 3.354
-5 -2 -4
3.354 3.354 3.354
-5 -1 -5
0.000 0.000 0.000
-5 0 -5
0.000 0.000 0.000
-5 0 -4
0.000 0.000 0.000
-5 -1 -4
0.000 0.000 0.000
-5 0 -5
3.555 3.555 3.555
-5 1 -5
3.555 3.555 3.555
-5 1 -4
3.555 3.555 3.555
-5 0 -4
3.555 3.555 3.555
-5 1 -5
0.000 0.000 0.000
-5 2 -5
0.000 0.000 0.000
-5 2 -4
0.000 0.000 0.000
-5 1 -4
0.000 0.000 0.000
-5 2 -5
3.128 3.128 3.128
-5 3 -5
3.128 3.128 3.128
-5 3 -4
3.128 3.128 3.128
-5 2 -4
3.128 3.128 3.128
-5 3 -5
0.000 0.000 0.000
-5 4 -5
0.000 0.000 0.000
-5 4 -4
0.000 0.000 0.000
-5 3 -4
0.000 0.000 0.000
-5 4 -5
2.298 2.298 2.298
-5 5 -5
2.298 2.298 2.298
-5 5 -4
2.298 2.298 2.298
-5 4 -4
2.298 2.298 2.298
-5 -5 -4
2.804 2.804 2.804
-5 -4 -4
2.804 2.804 2.804
-5 -4 -3
2.804 2.804 2.804
-5 -5 -3
2.804 2.804 2.804
-5 -4 -4
0.000 0.000 0.000
-5 -3 -4
0.000 0.000 0.000
-5 -3 -3
0.000 0.000 0.000
-5 -4 -3
0.000 0.000 0.000
-5 -3 -4
3.576 3.576 3.576
-5 -2 -4
3.576 3.576 3.576
-5 -2 -3
3.576 3.576 3.576
-5 -3 -3
3.576 3.576 3.576
-5 -2 -4
0.000 0.000 0.000
-5 -1 -4
0.000 0.000 0.000
-5 -1 -3
0.000 0.000 0.000
-5 -2 -3
0.000 0.000 0.000
-5 -1 -4
4.201 4.201 4.201
-5 0 -4
4.201 4.201 4.201
-5 0 -3
4.201 4.201 4.201
-5 -1 -3
4.201 4.201 4.201
-5 0 -4
0.000 0.000 0.000
-5 1 -4
0.000 0.000 0.000
-5 1 -3
0.000 0.000 0.000
-5 0 -3
0.000 0.000 0.000
-5 1 -4
3.897 3.897 3.897
-5 2 -4
3.897 3.897 3.897
-5 2 -3
3.897 3.897 3.897
-5 1 -3
3.897 3.897 3.897
-5 2 -4
0.000 0.000 0.000
-5 3 -4
0.000 0.000 0.000
-5 3 -3
0.000 0.000 0.000
-5 2 -3
0.000 0.000 0.000
-5 3 -4
3.164 3.164 3.164
-5 4 -4
3.164 3.164 3.164
-5 4 -3
3.164 3.164 3.164
-5 3 -3
3.164 3.164 3.164
-5 4 -4
0.000 0.000 0.000
-5 5 -4
0.000 0.000 0.000
-5 5 -3
0.000 0.000 0.000
-5 4 -3
0.000 0.000 0.000
-5 -5 -3
0.000 0.000 0.000
-5 -4 -3
0.000 0.000 0.000
-5 -4 -2
0.000 0.000 0.000
-5 -5 -2
0.000 0.000 0.000
-5 -4 -3
3.551 3.551 3.551
-5 -3 -3
3.551 3.551 3.551
-5 -3 -2
3.551 3.551 3.551
-5 -4 -2
3.551 3.551 3.551
-5 -3 -3
0.000 0.000 0.000
-5 -2 -3
0.000 0.000 0.000
-5 -2 -2
0.000 0.000 0.000
-5 -3 -2
0.000 0.000 0.000
-5 -2 -3
4.569 4.569 4.569
-5 -1 -3
4.569 4.569 4.569
-5 -1 -2
4.569 4.569 4.569
-5 -2 -2
4.569 4.569 4.569
-5 -1 -3
0.000 0.000 0.000
-5 0 -3
0.000 0.000 0.000
-5 0 -2
0.000 0.000 0.000
-5 -1 -2
0.000 0.000 0.000
-5 0 -3
5.057 5.057 5.057
-5 1 -3
5.057 5.057 5.057
-5 1 -2
5.057 5.057 5.057
-5 0 -2
5.057 5.057 5.057
-5 1 -3
0.000 0.000 0.000
-5 2 -3
0.000 0.000 0.000
-5 2 -2
0.000 0.000 0.000
-5 1 -2
0.000 0.000 0.000
-5 2 -3
4.100 4.100 4.100
-5 3 -3
4.100 4.100 4.100
-5 3 -2
4.100 4.100 4.100
-5 2 -2
4.100 4.100 4.100
-5 3 -3
0.000 0.000 0.000
-5 4 -3
0.000 0.000 0.000
-5 4 -2
0.000 0.000 0.000
-5 3 -2
0.000 0.000 0.000
-5 4 -3
2.821 2.821 2.821
-5 5 -3
2.821 2.821 2.821
-5 5 -2
2.821 2.821 2.821
-5 4 -2
2.821 2.821 2.821
-5 -5 -2
3.293 3.293 3.293
-5 -4 -2
3.293 3.293 3.293
-5 -4 -1
3.293 3.293 3.293
-5 -5 -1
3.293 3.293 3.293
-5 -4 -2
0.000 0.000 0.000
-5 -3 -2
0.000 0.000 0.000
-5 -3 -1
0.000 0.000 0.000
-5 -4 -1
0.000 0.000 0.000
-5 -3 -2
4.513 4.513 4.513
-5 -2 -2
4.513 4.513 4.513
-5 -2 -1
4.513 4.513 4.513
-5 -3 -1
4.513 4.513 4.513
-5 -2 -2
0.000 0.000 0.000
-5 -1 -2
0.000 0.000 0.000
-5 -1 -1
0.000 0.000 0.000
-5 -2 -1
0.000 0.000 0.000
-5 -1 -2
6.006 6.006 6.006
-5 0 -2
6.006 6.006 6.006
-5 0 -1
6.006 6.006 6.006
-5 -1 -1
6.006 6.006 6.006
-5 0 -2
0.000 0.000 0.000
-5 1 -2
0.000 0.000 0.000
-5 1 -1
0.000 0.000 0.000
-5 0 -1
0.000 0.000 0.000
-5 1 -2
5.249 5.249 5.249
-5 2 -2
5.249 5.249 5.249
-5 2 -1
5.249 5.249 5.249
-5 1 -1
5.249 5.249 5.249
-5 2 -2
0.000 0.000 0.000
-5 3 -2
0.000 0.000 0.000
-5 3 -1
0.000 0.000 0.000
-5 2 -1
0.000 0.000 0.000
-5 3 -2
3.842 3.842 3.842
-5 4 -2
3.842 3.842 3.842
-5 4 -1
3.842 3.842 3.842
-5 3 -1
3.842 3.842 3.842
-5 4 -2
0.000 0.000 0.000
-5 5 -2
0.000 0.000 0.000
-5 5 -1
0.000 0.000 0.000
-5 4 -1
0.000 0.000 0.000
-5 -5 -1
0.000 0.000 0.000
-5 -4 -1
0.000 0.000 0.000
-5 -4 0
0.000 0.000 0.000
-5 -5 0
0.000 0.000 0.000
-5 -4 -1
4.078 4.078 4.078
-5 -3 -1
4.078 4.078 4.078
-5 -3 0
4.078 4.078 4.078
-5 -4 0
4.078 4.078 4.078
-5 -3 -1
0.000 0.000 0.000
-5 -2 -1
0.000 0.000 0.000
-5 -2 0
0.000 0.000 0.000
-5 -3 0
0.000 0.000 0.000
-5 -2 -1
5.912 5.912 5.912
-5 -1 -1
5.912 5.912 5.912
-5 -1 0
5.912 5.912 5.912
-5 -2 0
5.912 5.912 5.912
-5 -1 -1
0.000 0.000 0.000
-5 0 -1
0.000 0.000 0.000
-5 0 0
0.000 0.000 0.000
-5 -1 0
0.000 0.000 0.000
-5 0 -1
7.025 7.025 7.025
-5 1 -1
7.025 7.025 7.025
-5 1 0
7.025 7.025 7.025
-5 0 0
7.025 7.025 7.025
-5 1 -1
0.000 0.000 0.000
-5 2 -1
0.000 0.000 0.000
-5 2 0
0.000 0.000 0.000
-5 1 0
0.000 0.000 0.000
-5 2 -1
4.963 4.963 4.963
-5 3 -1
4.963 4.963 4.963
-5 3 0
4.963 4.963 4.963
-5 2 0
4.963 4.963 4.963
-5 3 -1
0.000 0.000 0.000
-5 4 -1
0.000 0.000 0.000
-5 4 0
0.000 0.000 0.000
-5 3 0
0.000 0.000 0.000
-5 4 -1
3.150 3.150 3.150
-5 5 -1
3.150 3.150 3.150
-5 5 0
3.150 3.150 3.150
-5 4 0
3.150 3.150 3.150
-5 -5 0
3.414 3.414 3.414
-5 -4 0
3.414 3.414 3.414
-5 -4 1
3.414 3.414 3.414
-5 -5 1
3.414 3.414 3.414
-5 -4 0
0.000 0.000 0.000
-5 -3 0
0.000 0.000 0.000
-5 -3 1
0.000 0.000 0.000
-5 -4 1
0.000 0.000 0.000
-5 -3 0
4.862 4.862 4.862
-5 -2 0
4.862 4.862 4.862
-5 -2 1
4.862 4.862 4.862
-5 -3 1
4.862 4.862 4.862
-5 -2 0
0.000 0.000 0.000
-5 -1 0
0.000 0.000 0.000
-5 -1 1
0.000 0.000 0.000
-5 -2 1
0.000 0.000 0.000
-5 -1 0
6.921 6.921 6.921
-5 0 0
6.921 6.921 6.921
-5 0 1
6.921 6.921 6.921
-5 -1 1
6.921 6.921 6.921
-5 0 0
0.000 0.000 0.000
-5 1 0
0.000 0.000 0.000
-5 1 1
0.000 0.000 0.000
-5 0 1
0.000 0.000 0.000
-5 1 0
5.874 5.874 5.874
-5 2 0
5.874 5.874 5.874
-5 2 1
5.874 5.874 5.874
-5 1 1
5.874 5.874 5.874
-5 2 0
0.000 0.000 0.000
-5 3 0
0.000 0.000 0.000
-5 3 1
0.000 0.000 0.000
-5 2 1
0.000 0.000 0.000
-5 3 0
4.041 4.041 4.041
-5 4 0
4.041 4.041 4.041
-5 4 1
4.041 4.041 4.041
-5 3 1
4.041 4.041 4.041
-5 4 0
0.000 0.000 0.000
-5 5 0
0.000 0.000 0.000
-5 5 1
0.000 0.000 0.000
-5 4 1
0.000 0.000 0.000
-5 -5 1
0.000 0.000 0.000
-5 -4 1
0.000 0.000 0.000
-5 -4 2
0.000 0.000 0.000
-5 -5 2
0.000 0.000 0.000
-5 -4 1
3.663 3.663 3.663
-5 -3 1
3.663 3.663 3.663
-5 -3 2
3.663 3.663 3.663
-5 -4 2
3.663 3.663 3.663
-5 -3 1
0.000 0.000 0.000
-5 -2 1
0.000 0.000 0.000
-5 -2 2
0.000 0.000 0.000
-5 -3 2
0.000 0.000 0.000
-5 -2 1
4.977 4.977 4.977
-5 -1 1
4.977 4.977 4.977
-5 -1 2
4.977 4.977 4.977
-5 -2 2
4.977 4.977 4.977
-5 -1 1
0.000 0.000 0.000
-5 0 1
0.000 0.000 0.000
-5 0 2
0.000 0.000 0.000
-5 -1 2
0.000 0.000 0.000
-5 0 1
5.746 5.746 5.746
-5 1 1
5.746 5.746 5.746
-5 1 2
5.746 5.746 5.746
-5 0 2
5.746 5.746 5.746
-5 1 1
0.000 0.000 0.000
-5 2 1
0.000 0.000 0.000
-5 2 2
0.000 0.000 0.000
-5 1 2
0.000 0.000 0.000
-5 2 1
4.329 4.329 4.329
-5 3 1
4.329 4.329 4.329
-5 3 2
4.329 4.329 4.329
-5 2 2
4.329 4.329 4.329
-5 3 1
0.000 0.000 0.000
-5 4 1
0.000 0.000 0.000
-5 4 2
0.000 0.000 0.000
-5 3 2
0.000 0.000 0.000
-5 4 1
2.890 2.890 2.890
-5 5 1
2.890 2.890 2.890
-5 5 2
2.890 2.890 2.890
-5 4 2
2.890 2.890 2.890
-5 -5 2
2.853 2.853 2.853
-5 -4 2
2.853 2.853 2.853
-5 -4 3
2.853 2.853 2.853
-5 -5 3
2.853 2.853 2.853
-5 -4 2
0.000 0.000 0.000
-5 -3 2
0.000 0.000 0.000
-5 -3 3
0.000 0.000 0.000
-5 -4 3
0.000 0.000 0.000
-5 -3 2
3.751 3.751 3.751
-5 -2 2
3.751 3.751 3.751
-5 -2 3
3.751 3.751 3.751
-5 -3 3
3.751 3.751 3.751
-5 -2 2
0.000 0.000 0.000
-5 -1 2
0.000 0.000 0.000
-5 -1 3
0.000 0.000 0.000
-5 -2 3
0.000 0.000 0.000
-5 -1 2
4.638 4.638 4.638
-5 0 2
4.638 4.638 4.638
-5 0 3
4.638 4.638 4.638
-5 -1 3
4.638 4.638 4.638
-5 0 2
0.000 0.000 0.000
-5 1 2
0.000 0.000 0.000
-5 1 3
0.000 0.000 0.000
-5 0 3
0.000 0.000 0.000
-5 1 2
4.197 4.197 4.197
-5 2 2
4.197 4.197 4.197
-5 2 3
4.197 4.197 4.197
-5 1 3
4.197 4.197 4.197
-5 2 2
0.000 0.000 0.000
-5 3 2
0.000 0.000 0.000
-5 3 3
0.000 0.000 0.000
-5 2 3
0.000 0.000 0.000
-5 3 2
3.295 3.295 3.295
-5 4 2
3.295 3.295 3.295
-5 4 3
3.295 3.295 3.295
-5 3 3
3.295 3.295 3.295
-5 4 2
0.000 0.000 0.000
-5 5 2
0.000 0.000 0.000
-5 5 3
0.000 0.000 0.000
-5 4 3
0.000 0.000 0.000
-5 -5 3
0.000 0.000 0.000
-5 -4 3
0.000 0.000 0.000
-5 -4 4
0.000 0.000 0.000
-5 -5 4
0.000 0.000 0.000
-5 -4 3
2.805 2.805 2.805
-5 -3 3
2.805 2.805 2.805
-5 -3 4
2.805 2.805 2.805
-5 -4 4
2.805 2.805 2.805
-5 -3 3
0.000 0.000 0.000
-5 -2 3
0.000 0.000 0.000
-5 -2 4
0.000 0.000 0.000
-5 -3 4
0.000 0.000 0.000
-5 -2 3
3.407 3.407 3.407
-5 -1 3
3.407 3.407 3.407
-5 -1 4
3.407 3.407 3.407
-5 -2 4
3.407 3.407 3.407
-5 -1 3
0.000 0.000 0.000
-5 0 3
0.000 0.000 0.000
-5 0 4
0.000 0.000 0.000
-5 -1 4
0.000 0.000 0.000
-5 0 3
3.683 3.683 3.683
-5 1 3
3.683 3.683 3.683
-5 1 4
3.683 3.683 3.683
-5 0 4
3.683 3.683 3.683
-5 1 3
0.000 0.000 0.000
-5 2 3
0.000 0.000 0.000
-5 2 4
0.000 0.000 0.000
-5 1 4
0.000 0.000 0.000
-5 2 3
3.152 3.152 3.152
-5 3 3
3.152 3.152 3.152
-5 3 4
3.152 3.152 3.152
-5 2 4
3.152 3.152 3.152
-5 3 3
0.000 0.000 0.000
-5 4 3
0.000 0.000 0.000
-5 4 4
0.000 0.000 0.000
-5 3 4
0.000 0.000 0.000
-5 4 3
2.315 2.315 2.315
-5 5 3
2.315 2.315 2.315
-5 5 4
2.315 2.315 2.315
-5 4 4
2.315 2.315 2.315
-5 -5 4
2.102 2.102 2.102
-5 -4 4
2.102 2.102 2.102
-5 -4 5
2.102 2.102 2.102
-5 -5 5
2.102 2.102 2.102
-5 -4 4
0.000 0.000 0.000
-5 -3 4
0.000 0.000 0.000
-5 -3 5
0.000 0.000 0.000
-5 -4 5
0.000 0.000 0.000
-5 -3 4
2.554 2.554 2.554
-5 -2 4
2.554 2.554 2.554
-5 -2 5
2.554 2.554 2.554
-5 -3 5
2.554 2.554 2.554
-5 -2 4
0.000 0.000 0.000
-5 -1 4
0.000 0.000 0.000
-5 -1 5
0.000 0.000 0.000
-5 -2 5
0.000 0.000 0.000
-5 -1 4
2.892 2.892 2.892
-5 0 4
2.892 2.892 2.892
-5 0 5
2.892 2.892 2.892
-5 -1 5
2.892 2.892 2.892
-5 0 4
0.000 0.000 0.000
-5 1 4
0.000 0.000 0.000
-5 1 5
0.000 0.000 0.000
-5 0 5
0.000 0.000 0.000
-5 1 4
2.725 2.725 2.725
-5 2 4
2.725 2.725 2.725
-5 2 5
2.725 2.725 2.725
-5 1 5
2.725 2.725 2.725
-5 2 4
0.000 0.000 0.000
-5 3 4
0.000 0.000 0.000
-5 3 5
0.000 0.000 0.000
-5 2 5
0.000 0.000 0.000
-5 3 4
2.312 2.312 2.312
-5 4 4
2.312 2.312 2.312
-5 4 5
2.312 2.312 2.312
-5 3 5
2.312 2.312 2.312
-5 4 4
0.000 0.000 0.000
-5 5 4
0.000 0.000 0.000
-5 5 5
0.000 0.000 0.000
-5 4 5
0.000 0.000 0.000
-5 5 -5
0.000 0.000 0.000
-4 5 -5
0.000 0.000 0.000
-4 5 -4
0.000 0.000 0.000
-5 5 -4
0.000 0.000 0.000
-4 5 -5
2.571 2.571 2.571
-3 5 -5
2.571 2.571 2.571
-3 5 -4
2.571 2.571 2.571
-4 5 -4
2.571 2.571 2.571
-3 5 -5
0.000 0.000 0.000
-2 5 -5
0.000 0.000 0.000
-2 5 -4
0.000 0.000 0.000
-3 5 -4
0.000 0.000 0.000
-2 5 -5
3.065 3.065 3.065
-1 5 -5
3.065 3.065 3.065
-1 5 -4
3.065 3.065 3.065
-2 5 -4
3.065 3.065 3.065
-1 5 -5
0.000 0.000 0.000
0 5 -5
0.000 0.000 0.000
0 5 -4
0.000 0.000 0.000
-1 5 -4
0.000 0.000 0.000
0 5 -5
3.251 3.251 3.251
1 5 -5
3.251 3.251 3.251
1 5 -4
3.251 3.251 3.251
0 5 -4
3.251 3.251 3.251
1 5 -5
0.000 0.000 0.000
2 5 -5
0.000 0.000 0.000
2 5 -4
0.000 0.000 0.000
1 5 -4
0.000 0.000 0.000
2 5 -5
2.858 2.858 2.858
3 5 -5
2.858 2.858 2.858
3 5 -4
2.858 2.858 2.858
2 5 -4
2.858 2.858 2.858
3 5 -5
0.000 0.000 0.000
4 5 -5
0.000 0.000 0.000
4 5 -4
0.000 0.000 0.000
3 5 -4
0.000 0.000 0.000
4 5 -5
2.304 2.304 2.304
5 5 -5
2.304 2.304 2.304
5 5 -4
2.304 2.304 2.304
4 5 -4
2.304 2.304 2.304
-5 5 -4
2.560 2.560 2.560
-4 5 -4
2.560 2.560 2.560
-4 5 -3
2.560 2.560 2.560
-5 5 -3
2.560 2.560 2.560
-4 5 -4
0.000 0.000 0.000
-3 5 -4
0.000 0.000 0.000
-3 5 -3
0.000 0.000 0.000
-4 5 -3
0.000 0.000 0.000
-3 5 -4
3.569 3.569 3.569
-2 5 -4
3.569 3.569 3.569
-2 5 -3
3.569 3.569 3.569
-3 5 -3
3.569 3.569 3.569
-2 5 -4
0.000 0.000 0.000
-1 5 -4
0.000 0.000 0.000
-1 5 -3
0.000 0.000 0.000
-2 5 -3
0.000 0.000 0.000
-1 5 -4
4.197 4.197 4.197
0 5 -4
4.197 4.197 4.197
0 5 -3
4.197 4.197 4.197
-1 5 -3
4.197 4.197 4.197
0 5 -4
0.000 0.000 0.000
1 5 -4
0.000 0.000 0.000
1 5 -3
0.000 0.000 0.000
0 5 -3
0.000 0.000 0.000
1 5 -4
3.900 3.900 3.900
2 5 -4
3.900 3.900 3.900
2 5 -3
3.900 3.900 3.900
1 5 -3
3.900 3.900 3.900
2 5 -4
0.000 0.000 0.000
3 5 -4
0.000 0.000 0.000
3 5 -3
0.000 0.000 0.000
2 5 -3
0.000 0.000 0.000
3 5 -4
3.162 3.162 3.162
4 5 -4
3.162 3.162 3.162
4 5 -3
3.162 3.162 3.162
3 5 -3
3.162 3.162 3.162
4 5 -4
0.000 0.000 0.000
5 5 -4
0.000 0.000 0.000
5 5 -3
0.000 0.000 0.000
4 5 -3
0.000 0.000 0.000
-5 5 -3
0.000 0.000 0.000
-4 5 -3
0.000 0.000 0.000
-4 5 -2
0.000 0.000 0.000
-5 5 -2
0.000 0.000 0.000
-4 5 -3
3.541 3.541 3.541
-3 5 -3
3.541 3.541 3.541
-3 5 -2
3.541 3.541 3.541
-4 5 -2
3.541 3.541 3.541
-3 5 -3
0.000 0.000 0.000
-2 5 -3
0.000 0.000 0.000
-2 5 -2
0.000 0.000 0.000
-3 5 -2
0.000 0.000 0.000
-2 5 -3
4.551 4.551 4.551
-1 5 -3
4.551 4.551 4.551
-1 5 -2
4.551 4.551 4.551
-2 5 -2
4.551 4.551 4.551
-1 5 -3
0.000 0.000 0.000
0 5 -3
0.000 0.000 0.000
0 5 -2
0.000 0.000 0.000
-1 5 -2
0.000 0.000 0.000
0 5 -3
5.047 5.047 5.047
1 5 -3
5.047 5.047 5.047
1 5 -2
5.047 5.047 5.047
0 5 -2
5.047 5.047 5.047
1 5 -3
0.000 0.000 0.000
2 5 -3
0.000 0.000 0.000
2 5 -2
0.000 0.000 0.000
1 5 -2
0.000 0.000 0.000
2 5 -3
4.095 4.095 4.095
3 5 -3
4.095 4.095 4.095
3 5 -2
4.095 4.095 4.095
2 5 -2
4.095 4.095 4.095
3 5 -3
0.000 0.000 0.000
4 5 -3
0.000 0.000 0.000
4 5 -2
0.000 0.000 0.000
3 5 -2
0.000 0.000 0.000
4 5 -3
3.090 3.090 3.090
5 5 -3
3.090 3.090 3.090
5 5 -2
3.090 3.090 3.090
4 5 -2
3.090 3.090 3.090
-5 5 -2
2.999 2.999 2.999
-4 5 -2
2.999 2.999 2.999
-4 5 -1
2.999 2.999 2.999
-5 5 -1
2.999 2.999 2.999
-4 5 -2
0.000 0.000 0.000
-3 5 -2
0.000 0.000 0.000
-3 5 -1
0.000 0.000 0.000
-4 5 -1
0.000 0.000 0.000
-3 5 -2
4.499 4.499 4.499
-2 5 -2
4.499 4.499 4.499
-2 5 -1
4.499 4.499 4.499
-3 5 -1
4.499 4.499 4.499
-2 5 -2
0.000 0.000 0.000
-1 5 -2
0.000 0.000 0.000
-1 5 -1
0.000 0.000 0.000
-2 5 -1
0.000 0.000 0.000
-1 5 -2
5.999 5.999 5.999
0 5 -2
5.999 5.999 5.999
0 5 -1
5.999 5.999 5.999
-1 5 -1
5.999 5.999 5.999
0 5 -2
0.000 0.000 0.000
1 5 -2
0.000 0.000 0.000
1 5 -1
0.000 0.000 0.000
0 5 -1
0.000 0.000 0.000
1 5 -2
5.248 5.248 5.248
2 5 -2
5.248 5.248 5.248
2 5 -1
5.248 5.248 5.248
1 5 -1
5.248 5.248 5.248
2 5 -2
0.000 0.000 0.000
3 5 -2
0.000 0.000 0.000
3 5 -1
0.000 0.000 0.000
2 5 -1
0.000 0.000 0.000
3 5 -2
3.839 3.839 3.839
4 5 -2
3.839 3.839 3.839
4 5 -1
3.839 3.839 3.839
3 5 -1
3.839 3.839 3.839
4 5 -2
0.000 0.000 0.000
5 5 -2
0.000 0.000 0.000
5 5 -1
0.000 0.000 0.000
4 5 -1
0.000 0.000 0.000
-5 5 -1
0.000 0.000 0.000
-4 5 -1
0.000 0.000 0.000
-4 5 0
0.000 0.000 0.000
-5 5 0
0.000 0.000 0.000
-4 5 -1
4.069 4.069 4.069
-3 5 -1
4.069 4.069 4.069
-3 5 0
4.069 4.069 4.069
-4 5 0
4.069 4.069 4.069
-3 5 -1
0.000 0.000 0.000
-2 5 -1
0.000 0.000 0.000
-2 5 0
0.000 0.000 0.000
-3 5 0
0.000 0.000 0.000
-2 5 -1
5.907 5.907 5.907
-1 5 -1
5.907 5.907 5.907
-1 5 0
5.907 5.907 5.907
-2 5 0
5.907 5.907 5.907
-1 5 -1
0.000 0.000 0.000
0 5 -1
0.000 0.000 0.000
0 5 0
0.000 0.000 0.000
-1 5 0
0.000 0.000 0.000
0 5 -1
7.020 7.020 7.020
1 5 -1
7.020 7.020 7.020
1 5 0
7.020 7.020 7.020
0 5 0
7.020 7.020 7.020
1 5 -1
0.000 0.000 0.000
2 5 -1
0.000 0.000 0.000
2 5 0
0.000 0.000 0.000
1 5 0
0.000 0.000 0.000
2 5 -1
4.954 4.954 4.954
3 5 -1
4.954 4.954 4.954
3 5 0
4.954 4.954 4.954
2 5 0
4.954 4.954 4.954
3 5 -1
0.000 0.000 0.000
4 5 -1
0.000 0.000 0.000
4 5 0
0.000 0.000 0.000
3 5 0
0.000 0.000 0.000
4 5 -1
3.450 3.450 3.450
5 5 -1
3.450 3.450 3.450
5 5 0
3.450 3.450 3.450
4 5 0
3.450 3.450 3.450
-5 5 0
3.114 3.114 3.114
-4 5 0
3.114 3.114 3.114
-4 5 1
3.114 3.114 3.114
-5 5 1
3.114 3.114 3.114
-4 5 0
0.000 0.000 0.000
-3 5 0
0.000 0.000 0.000
-3 5 1
0.000 0.000 0.000
-4 5 1
0.000 0.000 0.000
-3 5 0
4.853 4.853 4.853
-2 5 0
4.853 4.853 4.853
-2 5 1
4.853 4.853 4.853
-3 5 1
4.853 4.853 4.853
-2 5 0
0.000 0.000 0.000
-1 5 0
0.000 0.000 0.000
-1 5 1
0.000 0.000 0.000
-2 5 1
0.000 0.000 0.000
-1 5 0
6.917 6.917 6.917
0 5 0
6.917 6.917 6.917
0 5 1
6.917 6.917 6.917
-1 5 1
6.917 6.917 6.917
0 5 0
0.000 0.000 0.000
1 5 0
0.000 0.000 0.000
1 5 1
0.000 0.000 0.000
0 5 1
0.000 0.000 0.000
1 5 0
5.872 5.872 5.872
2 5 0
5.872 5.872 5.872
2 5 1
5.872 5.872 5.872
1 5 1
5.872 5.872 5.872
2 5 0
0.000 0.000 0.000
3 5 0
0.000 0.000 0.000
3 5 1
0.000 0.000 0.000
2 5 1
0.000 0.000 0.000
3 5 0
4.035 4.035 4.035
4 5 0
4.035 4.035 4.035
4 5 1
4.035 4.035 4.035
3 5 1
4.035 4.035 4.035
4 5 0
0.000 0.000 0.000
5 5 0
0.000 0.000 0.000
5 5 1
0.000 0.000 0.000
4 5 1
0.000 0.000 0.000
-5 5 1
0.000 0.000 0.000
-4 5 1
0.000 0.000 0.000
-4 5 2
0.000 0.000 0.000
-5 5 2
0.000 0.000 0.000
-4 5 1
3.665 3.665 3.665
-3 5 1
3.665 3.665 3.665
-3 5 2
3.665 3.665 3.665
-4 5 2
3.665 3.665 3.665
-3 5 1
0.000 0.000 0.000
-2 5 1
0.000 0.000 0.000
-2 5 2
0.000 0.000 0.000
-3 5 2
0.000 0.000 0.000
-2 5 1
4.972 4.972 4.972
-1 5 1
4.972 4.972 4.972
-1 5 2
4.972 4.972 4.972
-2 5 2
4.972 4.972 4.972
-1 5 1
0.000 0.000 0.000
0 5 1
0.000 0.000 0.000
0 5 2
0.000 0.000 0.000
-1 5 2
0.000 0.000 0.000
0 5 1
5.743 5.743 5.743
1 5 1
5.743 5.743 5.743
1 5 2
5.743 5.743 5.743
0 5 2
5.743 5.743 5.743
1 5 1
0.000 0.000 0.000
2 5 1
0.000 0.000 0.000
2 5 2
0.000 0.000 0.000
1 5 2
0.000 0.000 0.000
2 5 1
4.326 4.326 4.326
3 5 1
4.326 4.326 4.326
3 5 2
4.326 4.326 4.326
2 5 2
4.326 4.326 4.326
3 5 1
0.000 0.000 0.000
4 5 1
0.000 0.000 0.000
4 5 2
0.000 0.000 0.000
3 5 2
0.000 0.000 0.000
4 5 1
3.168 3.168 3.168
5 5 1
3.168 3.168 3.168
5 5 2
3.168 3.168 3.168
4 5 2
3.168 3.168 3.168
-5 5 2
2.640 2.640 2.640
-4 5 2
2.640 2.640 2.640
-4 5 3
2.640 2.640 2.640
-5 5 3
2.640 2.640 2.640
-4 5 2
0.000 0.000 0.000
-3 5 2
0.000 0.000 0.000
-3 5 3
0.000 0.000 0.000
-4 5 3
0.000 0.000 0.000
-3 5 2
3.747 3.747 3.747
-2 5 2
3.747 3.747 3.747
-2 5 3
3.747 3.747 3.747
-3 5 3
3.747 3.747 3.747
-2 5 2
0.000 0.000 0.000
-1 5 2
0.000 0.000 0.000
-1 5 3
0.000 0.000 0.000
-2 5 3
0.000 0.000 0.000
-1 5 2
4.633 4.633 4.633
0 5 2
4.633 4.633 4.633
0 5 3
4.633 4.633 4.633
-1 5 3
4.633 4.633 4.633
0 5 2
0.000 0.000 0.000
1 5 2
0.000 0.000 0.000
1 5 3
0.000 0.000 0.000
0 5 3
0.000 0.000 0.000
1 5 2
4.195 4.195 4.195
2 5 2
4.195 4.195 4.195
2 5 3
4.195 4.195 4.195
1 5 3
4.195 4.195 4.195
2 5 2
0.000 0.000 0.000
3 5 2
0.000 0.000 0.000
3 5 3
0.000 0.000 0.000
2 5 3
0.000 0.000 0.000
3 5 2
3.288 3.288 3.288
4 5 2
3.288 3.288 3.288
4 5 3
3.288 3.288 3.288
3 5 3
3.288 3.288 3.288
4 5 2
0.000 0.000 0.000
5 5 2
0.000 0.000 0.000
5 5 3
0.000 0.000 0.000
4 5 3
0.000 0.000 0.000
-5 5 3
0.000 0.000 0.000
-4 5 3
0.000 0.000 0.000
-4 5 4
0.000 0.000 0.000
-5 5 4
0.000 0.000 0.000
-4 5 3
2.814 2.814 2.814
-3 5 3
2.814 2.814 2.814
-3 5 4
2.814 2.814 2.814
-4 5 4
2.814 2.814 2.814
-3 5 3
0.000 0.000 0.000
-2 5 3
0.000 0.000 0.000
-2 5 4
0.000 0.000 0.000
-3 5 4
0.000 0.000 0.000
-2 5 3
3.408 3.408 3.408
-1 5 3
3.408 3.408 3.408
-1 5 4
3.408 3.408 3.408
-2 5 4
3.408 3.408 3.408
-1 5 3
0.000 0.000 0.000
0 5 3
0.000 0.000 0.000
0 5 4
0.000 0.000 0.000
-1 5 4
0.000 0.000 0.000
0 5 3
3.684 3.684 3.684
1 5 3
3.684 3.684 3.684
1 5 4
3.684 3.684 3.684
0 5 4
3.684 3.684 3.684
1 5 3
0.000 0.000 0.000
2 5 3
0.000 0.000 0.000
2 5 4
0.000 0.000 0.000
1 5 4
0.000 0.000 0.000
2 5 3
3.154 3.154 3.154
3 5 3
3.154 3.154 3.154
3 5 4
3.154 3.154 3.154
2 5 4
3.154 3.154 3.154
3 5 3
0.000 0.000 0.000
4 5 3
0.000 0.000 0.000
4 5 4
0.000 0.000 0.000
3 5 4
0.000 0.000 0.000
4 5 3
2.541 2.541 2.541
5 5 3
2.541 2.541 2.541
5 5 4
2.541 2.541 2.541
4 5 4
2.541 2.541 2.541
-5 5 4
1.922 1.922 1.922
-4 5 4
1.922 1.922 1.922
-4 5 5
1.922 1.922 1.922
-5 5 5
1.922 1.922 1.922
-4 5 4
0.000 0.000 0.000
-3 5 4
0.000 0.000 0.000
-3 5 5
0.000 0.000 0.000
-4 5 5
0.000 0.000 0.000
-3 5 4
2.552 2.552 2.552
-2 5 4
2.552 2.552 2.552
-2 5 5
2.552 2.552 2.552
-3 5 5
2.552 2.552 2.552
-2 5 4
0.000 0.000 0.000
-1 5 4
0.000 0.000 0.000
-1 5 5
0.000 0.000 0.000
-2 5 5
0.000 0.000 0.000
-1 5 4
2.890 2.890 2.890
0 5 4
2.890 2.890 2.890
0 5 5
2.890 2.890 2.890
-1 5 5
2.890 2.890 2.890
0 5 4
0.000 0.000 0.000
1 5 4
0.000 0.000 0.000
1 5 5
0.000 0.000 0.000
0 5 5
0.000 0.000 0.000
1 5 4
2.723 2.723 2.723
2 5 4
2.723 2.723 2.723
2 5 5
2.723 2.723 2.723
1 5 5
2.723 2.723 2.723
2 5 4
0.000 0.000 0.000
3 5 4
0.000 0.000 0.000
3 5 5
0.000 0.000 0.000
2 5 5
0.000 0.000 0.000
3 5 4
2.297 2.297 2.297
4 5 4
2.297 2.297 2.297
4 5 5
2.297 2.297 2.297
3 5 5
2.297 2.297 2.297
4 5 4
0.000 0.000 0.000
5 5 4
0.000 0.000 0.000
5 5 5
0.000 0.000 0.000
4 5 5
0.000 0.000 0.000
-5 -4 -5
0.000 0.000 0.000
-5 -5 -5
0.000 0.000 0.000
-4 -5 -5
0.000 0.000 0.000
-4 -4 -5
0.000 0.000 0.000
-5 -3 -5
2.648 2.648 2.648
-5 -4 -5
2.648 2.648 2.648
-4 -4 -5
2.648 2.648 2.648
-4 -3 -5
2.648 2.648 2.648
-5 -2 -5
0.000 0.000 0.000
-5 -3 -5
0.000 0.000 0.000
-4 -3 -5
0.000 0.000 0.000
-4 -2 -5
0.000 0.000 0.000
-5 -1 -5
3.182 3.182 3.182
-5 -2 -5
3.182 3.182 3.182
-4 -2 -5
3.182 3.182 3.182
-4 -1 -5
3.182 3.182 3.182
-5 0 -5
0.000 0.000 0.000
-5 -1 -5
0.000 0.000 0.000
-4 -1 -5
0.000 0.000 0.000
-4 0 -5
0.000 0.000 0.000
-5 1 -5
3.374 3.374 3.374
-5 0 -5
3.374 3.374 3.374
-4 0 -5
3.374 3.374 3.374
-4 1 -5
3.374 3.374 3.374
-5 2 -5
0.000 0.000 0.000
-5 1 -5
0.000 0.000 0.000
-4 1 -5
0.000 0.000 0.000
-4 2 -5
0.000 0.000 0.000
-5 3 -5
2.949 2.949 2.949
-5 2 -5
2.949 2.949 2.949
-4 2 -5
2.949 2.949 2.949
-4 3 -5
2.949 2.949 2.949
-5 4 -5
0.000 0.000 0.000
-5 3 -5
0.000 0.000 0.000
-4 3 -5
0.000 0.000 0.000
-4 4 -5
0.000 0.000 0.000
-5 5 -5
2.153 2.153 2.153
-5 4 -5
2.153 2.153 2.153
-4 4 -5
2.153 2.153 2.153
-4 5 -5
2.153 2.153 2.153
-4 -4 -5
2.628 2.628 2.628
-4 -5 -5
2.628 2.628 2.628
-3 -5 -5
2.628 2.628 2.628
-3 -4 -5
2.628 2.628 2.628
-4 -3 -5
0.000 0.000 0.000
-4 -4 -5
0.000 0.000 0.000
-3 -4 -5
0.000 0.000 0.000
-3 -3 -5
0.000 0.000 0.000
-4 -2 -5
3.454 3.454 3.454
-4 -3 -5
3.454 3.454 3.454
-3 -3 -5
3.454 3.454 3.454
-3 -2 -5
3.454 3.454 3.454
-4 -1 -5
0.000 0.000 0.000
-4 -2 -5
0.000 0.000 0.000
-3 -2 -5
0.000 0.000 0.000
-3 -1 -5
0.000 0.000 0.000
-4 0 -5
4.079 4.079 4.079
-4 -1 -5
4.079 4.079 4.079
-3 -1 -5
4.079 4.079 4.079
-3 0 -5
4.079 4.079 4.079
-4 1 -5
0.000 0.000 0.000
-4 0 -5
0.000 0.000 0.000
-3 0 -5
0.000 0.000 0.000
-3 1 -5
0.000 0.000 0.000
-4 2 -5
3.760 3.760 3.760
-4 1 -5
3.760 3.760 3.760
-3 1 -5
3.760 3.760 3.760
-3 2 -5
3.760 3.760 3.760
-4 3 -5
0.000 0.000 0.000
-4 2 -5
0.000 0.000 0.000
-3 2 -5
0.000 0.000 0.000
-3 3 -5
0.000 0.000 0.000
-4 4 -5
3.039 3.039 3.039
-4 3 -5
3.039 3.039 3.039
-3 3 -5
3.039 3.039 3.039
-3 4 -5
3.039 3.039 3.039
-4 5 -5
0.000 0.000 0.000
-4 4 -5
0.000 0.000 0.000
-3 4 -5
0.000 0.000 0.000
-3 5 -5
0.000 0.000 0.000
-3 -4 -5
0.000 0.000 0.000
-3 -5 -5
0.000 0.000 0.000
-2 -5 -5
0.000 0.000 0.000
-2 -4 -5
0.000 0.000 0.000
-3 -3 -5
3.456 3.456 3.456
-3 -4 -5
3.456 3.456 3.456
-2 -4 -5
3.456 3.456 3.456
-2 -3 -5
3.456 3.456 3.456
-3 -2 -5
0.000 0.000 0.000
-3 -3 -5
0.000 0.000 0.000
-2 -3 -5
0.000 0.000 0.000
-2 -2 -5
0.000 0.000 0.000
-3 -1 -5
4.485 4.485 4.485
-3 -2 -5
4.485 4.485 4.485
-2 -2 -5
4.485 4.485 4.485
-2 -1 -5
4.485 4.485 4.485
-3 0 -5
0.000 0.000 0.000
-3 -1 -5
0.000 0.000 0.000
-2 -1 -5
0.000 0.000 0.000
-2 0 -5
0.000 0.000 0.000
-3 1 -5
4.958 4.958 4.958
-3 0 -5
4.958 4.958 4.958
-2 0 -5
4.958 4.958 4.958
-2 1 -5
4.958 4.958 4.958
-3 2 -5
0.000 0.000 0.000
-3 1 -5
0.000 0.000 0.000
-2 1 -5
0.000 0.000 0.000
-2 2 -5
0.000 0.000 0.000
-3 3 -5
3.979 3.979 3.979
-3 2 -5
3.979 3.979 3.979
-2 2 -5
3.979 3.979 3.979
-2 3 -5
3.979 3.979 3.979
-3 4 -5
0.000 0.000 0.000
-3 3 -5
0.000 0.000 0.000
-2 3 -5
0.000 0.000 0.000
-2 4 -5
0.000 0.000 0.000
-3 5 -5
2.728 2.728 2.728
-3 4 -5
2.728 2.728 2.728
-2 4 -5
2.728 2.728 2.728
-2 5 -5
2.728 2.728 2.728
-2 -4 -5
3.179 3.179 3.179
-2 -5 -5
3.179 3.179 3.179
-1 -5 -5
3.179 3.179 3.179
-1 -4 -5
3.179 3.179 3.179
-2 -3 -5
0.000 0.000 0.000
-2 -4 -5
0.000 0.000 0.000
-1 -4 -5
0.000 0.000 0.000
-1 -3 -5
0.000 0.000 0.000
-2 -2 -5
4.499 4.499 4.499
-2 -3 -5
4.499 4.499 4.499
-1 -3 -5
4.499 4.499 4.499
-1 -2 -5
4.499 4.499 4.499
-2 -1 -5
0.000 0.000 0.000
-2 -2 -5
0.000 0.000 0.000
-1 -2 -5
0.000 0.000 0.000
-1 -1 -5
0.000 0.000 0.000
-2 0 -5
6.001 6.001 6.001
-2 -1 -5
6.001 6.001 6.001
-1 -1 -5
6.001 6.001 6.001
-1 0 -5
6.001 6.001 6.001
-2 1 -5
0.000 0.000 0.000
-2 0 -5
0.000 0.000 0.000
-1 0 -5
0.000 0.000 0.000
-1 1 -5
0.000 0.000 0.000
-2 2 -5
5.191 5.191 5.191
-2 1 -5
5.191 5.191 5.191
-1 1 -5
5.191 5.191 5.191
-1 2 -5
5.191 5.191 5.191
-2 3 -5
0.000 0.000 0.000
-2 2 -5
0.000 0.000 0.000
-1 2 -5
0.000 0.000 0.000
-1 3 -5
0.000 0.000 0.000
-2 4 -5
3.778 3.778 3.778
-2 3 -5
3.778 3.778 3.778
-1 3 -5
3.778 3.778 3.778
-1 4 -5
3.778 3.778 3.778
-2 5 -5
0.000 0.000 0.000
-2 4 -5
0.000 0.000 0.000
-1 4 -5
0.000 0.000 0.000
-1 5 -5
0.000 0.000 0.000
-1 -4 -5
0.000 0.000 0.000
-1 -5 -5
0.000 0.000 0.000
0 -5 -5
0.000 0.000 0.000
0 -4 -5
0.000 0.000 0.000
-1 -3 -5
4.106 4.106 4.106
-1 -4 -5
4.106 4.106 4.106
0 -4 -5
4.106 4.106 4.106
0 -3 -5
4.106 4.106 4.106
-1 -2 -5
0.000 0.000 0.000
-1 -3 -5
0.000 0.000 0.000
0 -3 -5
0.000 0.000 0.000
0 -2 -5
0.000 0.000 0.000
-1 -1 -5
6.030 6.030 6.030
-1 -2 -5
6.030 6.030 6.030
0 -2 -5
6.030 6.030 6.030
0 -1 -5
6.030 6.030 6.030
-1 0 -5
0.000 0.000 0.000
-1 -1 -5
0.000 0.000 0.000
0 -1 -5
0.000 0.000 0.000
0 0 -5
0.000 0.000 0.000
-1 1 -5
7.113 7.113 7.113
-1 0 -5
7.113 7.113 7.113
0 0 -5
7.113 7.113 7.113
0 1 -5
7.113 7.113 7.113
-1 2 -5
0.000 0.000 0.000
-1 1 -5
0.000 0.000 0.000
0 1 -5
0.000 0.000 0.000
0 2 -5
0.000 0.000 0.000
-1 3 -5
4.958 4.958 4.958
-1 2 -5
4.958 4.958 4.958
0 2 -5
4.958 4.958 4.958
0 3 -5
4.958 4.958 4.958
-1 4 -5
0.000 0.000 0.000
-1 3 -5
0.000 0.000 0.000
0 3 -5
0.000 0.000 0.000
0 4 -5
0.000 0.000 0.000
-1 5 -5
3.126 3.126 3.126
-1 4 -5
3.126 3.126 3.126
0 4 -5
3.126 3.126 3.126
0 5 -5
3.126 3.126 3.126
0 -4 -5
3.470 3.470 3.470
0 -5 -5
3.470 3.470 3.470
1 -5 -5
3.470 3.470 3.470
1 -4 -5
3.470 3.470 3.470
0 -3 -5
0.000 0.000 0.000
0 -4 -5
0.000 0.000 0.000
1 -4 -5
0.000 0.000 0.000
1 -3 -5
0.000 0.000 0.000
0 -2 -5
5.004 5.004 5.004
0 -3 -5
5.004 5.004 5.004
1 -3 -5
5.004 5.004 5.004
1 -2 -5
5.004 5.004 5.004
0 -1 -5
0.000 0.000 0.000
0 -2 -5
0.000 0.000 0.000
1 -2 -5
0.000 0.000 0.000
1 -1 -5
0.000 0.000 0.000
0 0 -5
7.154 7.154 7.154
0 -1 -5
7.154 7.154 7.154
1 -1 -5
7.154 7.154 7.154
1 0 -5
7.154 7.154 7.154
0 1 -5
0.000 0.000 0.000
0 0 -5
0.000 0.000 0.000
1 0 -5
0.000 0.000 0.000
1 1 -5
0.000 0.000 0.000
0 2 -5
5.999 5.999 5.999
0 1 -5
5.999 5.999 5.999
1 1 -5
5.999 5.999 5.999
1 2 -5
5.999 5.999 5.999
0 3 -5
0.000 0.000 0.000
0 2 -5
0.000 0.000 0.000
1 2 -5
0.000 0.000 0.000
1 3 -5
0.000 0.000 0.000
0 4 -5
4.091 4.091 4.091
0 3 -5
4.091 4.091 4.091
1 3 -5
4.091 4.091 4.091
1 4 -5
4.091 4.091 4.091
0 5 -5
0.000 0.000 0.000
0 4 -5
0.000 0.000 0.000
1 4 -5
0.000 0.000 0.000
1 5 -5
0.000 0.000 0.000
1 -4 -5
0.000 0.000 0.000
1 -5 -5
0.000 0.000 0.000
2 -5 -5
0.000 0.000 0.000
2 -4 -5
0.000 0.000 0.000
1 -3 -5
3.789 3.789 3.789
1 -4 -5
3.789 3.789 3.789
2 -4 -5
3.789 3.789 3.789
2 -3 -5
3.789 3.789 3.789
1 -2 -5
0.000 0.000 0.000
1 -3 -5
0.000 0.000 0.000
2 -3 -5
0.000 0.000 0.000
2 -2 -5
0.000 0.000 0.000
1 -1 -5
5.251 5.251 5.251
1 -2 -5
5.251 5.251 5.251
2 -2 -5
5.251 5.251 5.251
2 -1 -5
5.251 5.251 5.251
1 0 -5
0.000 0.000 0.000
1 -1 -5
0.000 0.000 0.000
2 -1 -5
0.000 0.000 0.000
2 0 -5
0.000 0.000 0.000
1 1 -5
6.025 6.025 6.025
1 0 -5
6.025 6.025 6.025
2 0 -5
6.025 6.025 6.025
2 1 -5
6.025 6.025 6.025
1 2 -5
0.000 0.000 0.000
1 1 -5
0.000 0.000 0.000
2 1 -5
0.000 0.000 0.000
2 2 -5
0.000 0.000 0.000
1 3 -5
4.475 4.475 4.475
1 2 -5
4.475 4.475 4.475
2 2 -5
4.475 4.475 4.475
2 3 -5
4.475 4.475 4.475
1 4 -5
0.000 0.000 0.000
1 3 -5
0.000 0.000 0.000
2 3 -5
0.000 0.000 0.000
2 4 -5
0.000 0.000 0.000
1 5 -5
2.930 2.930 2.930
1 4 -5
2.930 2.930 2.930
2 4 -5
2.930 2.930 2.930
2 5 -5
2.930 2.930 2.930
2 -4 -5
2.952 2.952 2.952
2 -5 -5
2.952 2.952 2.952
3 -5 -5
2.952 2.952 2.952
3 -4 -5
2.952 2.952 2.952
2 -3 -5
0.000 0.000 0.000
2 -4 -5
0.000 0.000 0.000
3 -4 -5
0.000 0.000 0.000
3 -3 -5
0.000 0.000 0.000
2 -2 -5
4.015 4.015 4.015
2 -3 -5
4.015 4.015 4.015
3 -3 -5
4.015 4.015 4.015
3 -2 -5
4.015 4.015 4.015
2 -1 -5
0.000 0.000 0.000
2 -2 -5
0.000 0.000 0.000
3 -2 -5
0.000 0.000 0.000
3 -1 -5
0.000 0.000 0.000
2 0 -5
5.003 5.003 5.003
2 -1 -5
5.003 5.003 5.003
3 -1 -5
5.003 5.003 5.003
3 0 -5
5.003 5.003 5.003
2 1 -5
0.000 0.000 0.000
2 0 -5
0.000 0.000 0.000
3 0 -5
0.000 0.000 0.000
3 1 -5
0.000 0.000 0.000
2 2 -5
4.483 4.483 4.483
2 1 -5
4.483 4.483 4.483
3 1 -5
4.483 4.483 4.483
3 2 -5
4.483 4.483 4.483
2 3 -5
0.000 0.000 0.000
2 2 -5
0.000 0.000 0.000
3 2 -5
0.000 0.000 0.000
3 3 -5
0.000 0.000 0.000
2 4 -5
3.457 3.457 3.457
2 3 -5
3.457 3.457 3.457
3 3 -5
3.457 3.457 3.457
3 4 -5
3.457 3.457 3.457
2 5 -5
0.000 0.000 0.000
2 4 -5
0.000 0.000 0.000
3 4 -5
0.000 0.000 0.000
3 5 -5
0.000 0.000 0.000
3 -4 -5
0.000 0.000 0.000
3 -5 -5
0.000 0.000 0.000
4 -5 -5
0.000 0.000 0.000
4 -4 -5
0.000 0.000 0.000
3 -3 -5
3.048 3.048 3.048
3 -4 -5
3.048 3.048 3.048
4 -4 -5
3.048 3.048 3.048
4 -3 -5
3.048 3.048 3.048
3 -2 -5
0.000 0.000 0.000
3 -3 -5
0.000 0.000 0.000
4 -3 -5
0.000 0.000 0.000
4 -2 -5
0.000 0.000 0.000
3 -1 -5
3.801 3.801 3.801
3 -2 -5
3.801 3.801 3.801
4 -2 -5
3.801 3.801 3.801
4 -1 -5
3.801 3.801 3.801
3 0 -5
0.000 0.000 0.000
3 -1 -5
0.000 0.000 0.000
4 -1 -5
0.000 0.000 0.000
4 0 -5
0.000 0.000 0.000
3 1 -5
4.104 4.104 4.104
3 0 -5
4.104 4.104 4.104
4 0 -5
4.104 4.104 4.104
4 1 -5
4.104 4.104 4.104
3 2 -5
0.000 0.000 0.000
3 1 -5
0.000 0.000 0.000
4 1 -5
0.000 0.000 0.000
4 2 -5
0.000 0.000 0.000
3 3 -5
3.458 3.458 3.458
3 2 -5
3.458 3.458 3.458
4 2 -5
3.458 3.458 3.458
4 3 -5
3.458 3.458 3.458
3 4 -5
0.000 0.000 0.000
3 3 -5
0.000 0.000 0.000
4 3 -5
0.000 0.000 0.000
4 4 -5
0.000 0.000 0.000
3 5 -5
2.451 2.451 2.451
3 4 -5
2.451 2.451 2.451
4 4 -5
2.451 2.451 2.451
4 5 -5
2.451 2.451 2.451
4 -4 -5
2.152 2.152 2.152
4 -5 -5
2.152 2.152 2.152
5 -5 -5
2.152 2.152 2.152
5 -4 -5
2.152 2.152 2.152
4 -3 -5
0.000 0.000 0.000
4 -4 -5
0.000 0.000 0.000
5 -4 -5
0.000 0.000 0.000
5 -3 -5
0.000 0.000 0.000
4 -2 -5
2.724 2.724 2.724
4 -3 -5
2.724 2.724 2.724
5 -3 -5
2.724 2.724 2.724
5 -2 -5
2.724 2.724 2.724
4 -1 -5
0.000 0.000 0.000
4 -2 -5
0.000 0.000 0.000
5 -2 -5
0.000 0.000 0.000
5 -1 -5
0.000 0.000 0.000
4 0 -5
3.124 3.124 3.124
4 -1 -5
3.124 3.124 3.124
5 -1 -5
3.124 3.124 3.124
5 0 -5
3.124 3.124 3.124
4 1 -5
0.000 0.000 0.000
4 0 -5
0.000 0.000 0.000
5 0 -5
0.000 0.000 0.000
5 1 -5
0.000 0.000 0.000
4 2 -5
2.925 2.925 2.925
4 1 -5
2.925 2.925 2.925
5 1 -5
2.925 2.925 2.925
5 2 -5
2.925 2.925 2.925
4 3 -5
0.000 0.000 0.000
4 2 -5
0.000 0.000 0.000
5 2 -5
0.000 0.000 0.000
5 3 -5
0.000 0.000 0.000
4 4 -5
2.451 2.451 2.451
4 3 -5
2.451 2.451 2.451
5 3 -5
2.451 2.451 2.451
5 4 -5
2.451 2.451 2.451
4 5 -5
0.000 0.000 0.000
4 4 -5
0.000 0.000 0.000
5 4 -5
0.000 0.000 0.000
5 5 -5
0.000 0.000 0.000
5 -4 -5
0.000 0.000 0.000
5 -5 -5
0.000 0.000 0.000
5 -5 -4
0.000 0.000 0.000
5 -4 -4
0.000 0.000 0.000
5 -3 -5
2.574 2.574 2.574
5 -4 -5
2.574 2.574 2.574
5 -4 -4
2.574 2.574 2.574
5 -3 -4
2.574 2.574 2.574
5 -2 -5
0.000 0.000 0.000
5 -3 -5
0.000 0.000 0.000
5 -3 -4
0.000 0.000 0.000
5 -2 -4
0.000 0.000 0.000
5 -1 -5
3.066 3.066 3.066
5 -2 -5
3.066 3.066 3.066
5 -2 -4
3.066 3.066 3.066
5 -1 -4
3.066 3.066 3.066
5 0 -5
0.000 0.000 0.000
5 -1 -5
0.000 0.000 0.000
5 -1 -4
0.000 0.000 0.000
5 0 -4
0.000 0.000 0.000
5 1 -5
3.252 3.252 3.252
5 0 -5
3.252 3.252 3.252
5 0 -4
3.252 3.252 3.252
5 1 -4
3.252 3.252 3.252
5 2 -5
0.000 0.000 0.000
5 1 -5
0.000 0.000 0.000
5 1 -4
0.000 0.000 0.000
5 2 -4
0.000 0.000 0.000
5 3 -5
2.851 2.851 2.851
5 2 -5
2.851 2.851 2.851
5 2 -4
2.851 2.851 2.851
5 3 -4
2.851 2.851 2.851
5 4 -5
0.000 0.000 0.000
5 3 -5
0.000 0.000 0.000
5 3 -4
0.000 0.000 0.000
5 4 -4
0.000 0.000 0.000
5 5 -5
2.262 2.262 2.262
5 4 -5
2.262 2.262 2.262
5 4 -4
2.262 2.262 2.262
5 5 -4
2.262 2.262 2.262
5 -4 -4
2.555 2.555 2.555
5 -5 -4
2.555 2.555 2.555
5 -5 -3
2.555 2.555 2.555
5 -4 -3
2.555 2.555 2.555
5 -3 -4
0.000 0.000 0.000
5 -4 -4
0.000 0.000 0.000
5 -4 -3
0.000 0.000 0.000
5 -3 -3
0.000 0.000 0.000
5 -2 -4
3.576 3.576 3.576
5 -3 -4
3.576 3.576 3.576
5 -3 -3
3.576 3.576 3.576
5 -2 -3
3.576 3.576 3.576
5 -1 -4
0.000 0.000 0.000
5 -2 -4
0.000 0.000 0.000
5 -2 -3
0.000 0.000 0.000
5 -1 -3
0.000 0.000 0.000
5 0 -4
4.197 4.197 4.197
5 -1 -4
4.197 4.197 4.197
5 -1 -3
4.197 4.197 4.197
5 0 -3
4.197 4.197 4.197
5 1 -4
0.000 0.000 0.000
5 0 -4
0.000 0.000 0.000
5 0 -3
0.000 0.000 0.000
5 1 -3
0.000 0.000 0.000
5 2 -4
3.888 3.888 3.888
5 1 -4
3.888 3.888 3.888
5 1 -3
3.888 3.888 3.888
5 2 -3
3.888 3.888 3.888
5 3 -4
0.000 0.000 0.000
5 2 -4
0.000 0.000 0.000
5 2 -3
0.000 0.000 0.000
5 3 -3
0.000 0.000 0.000
5 4 -4
3.140 3.140 3.140
5 3 -4
3.140 3.140 3.140
5 3 -3
3.140 3.140 3.140
5 4 -3
3.140 3.140 3.140
5 5 -4
0.000 0.000 0.000
5 4 -4
0.000 0.000 0.000
5 4 -3
0.000 0.000 0.000
5 5 -3
0.000 0.000 0.000
5 -4 -3
0.000 0.000 0.000
5 -5 -3
0.000 0.000 0.000
5 -5 -2
0.000 0.000 0.000
5 -4 -2
0.000 0.000 0.000
5 -3 -3
3.551 3.551 3.551
5 -4 -3
3.551 3.551 3.551
5 -4 -2
3.551 3.551 3.551
5 -3 -2
3.551 3.551 3.551
5 -2 -3
0.000 0.000 0.000
5 -3 -3
0.000 0.000 0.000
5 -3 -2
0.000 0.000 0.000
5 -2 -2
0.000 0.000 0.000
5 -1 -3
4.567 4.567 4.567
5 -2 -3
4.567 4.567 4.567
5 -2 -2
4.567 4.567 4.567
5 -1 -2
4.567 4.567 4.567
5 0 -3
0.000 0.000 0.000
5 -1 -3
0.000 0.000 0.000
5 -1 -2
0.000 0.000 0.000
5 0 -2
0.000 0.000 0.000
5 1 -3
5.042 5.042 5.042
5 0 -3
5.042 5.042 5.042
5 0 -2
5.042 5.042 5.042
5 1 -2
5.042 5.042 5.042
5 2 -3
0.000 0.000 0.000
5 1 -3
0.000 0.000 0.000
5 1 -2
0.000 0.000 0.000
5 2 -2
0.000 0.000 0.000
5 3 -3
4.070 4.070 4.070
5 2 -3
4.070 4.070 4.070
5 2 -2
4.070 4.070 4.070
5 3 -2
4.070 4.070 4.070
5 4 -3
0.000 0.000 0.000
5 3 -3
0.000 0.000 0.000
5 3 -2
0.000 0.000 0.000
5 4 -2
0.000 0.000 0.000
5 5 -3
3.034 3.034 3.034
5 4 -3
3.034 3.034 3.034
5 4 -2
3.034 3.034 3.034
5 5 -2
3.034 3.034 3.034
5 -4 -2
2.995 2.995 2.995
5 -5 -2
2.995 2.995 2.995
5 -5 -1
2.995 2.995 2.995
5 -4 -1
2.995 2.995 2.995
5 -3 -2
0.000 0.000 0.000
5 -4 -2
0.000 0.000 0.000
5 -4 -1
0.000 0.000 0.000
5 -3 -1
0.000 0.000 0.000
5 -2 -2
4.525 4.525 4.525
5 -3 -2
4.525 4.525 4.525
5 -3 -1
4.525 4.525 4.525
5 -2 -1
4.525 4.525 4.525
5 -1 -2
0.000 0.000 0.000
5 -2 -2
0.000 0.000 0.000
5 -2 -1
0.000 0.000 0.000
5 -1 -1
0.000 0.000 0.000
5 0 -2
5.998 5.998 5.998
5 -1 -2
5.998 5.998 5.998
5 -1 -1
5.998 5.998 5.998
5 0 -1
5.998 5.998 5.998
5 1 -2
0.000 0.000 0.000
5 0 -2
0.000 0.000 0.000
5 0 -1
0.000 0.000 0.000
5 1 -1
0.000 0.000 0.000
5 2 -2
5.204 5.204 5.204
5 1 -2
5.204 5.204 5.204
5 1 -1
5.204 5.204 5.204
5 2 -1
5.204 5.204 5.204
5 3 -2
0.000 0.000 0.000
5 2 -2
0.000 0.000 0.000
5 2 -1
0.000 0.000 0.000
5 3 -1
0.000 0.000 0.000
5 4 -2
3.799 3.799 3.799
5 3 -2
3.799 3.799 3.799
5 3 -1
3.799 3.799 3.799
5 4 -1
3.799 3.799 3.799
5 5 -2
0.000 0.000 0.000
5 4 -2
0.000 0.000 0.000
5 4 -1
0.000 0.000 0.000
5 5 -1
0.000 0.000 0.000
5 -4 -1
0.000 0.000 0.000
5 -5 -1
0.000 0.000 0.000
5 -5 0
0.000 0.000 0.000
5 -4 0
0.000 0.000 0.000
5 -3 -1
4.090 4.090 4.090
5 -4 -1
4.090 4.090 4.090
5 -4 0
4.090 4.090 4.090
5 -3 0
4.090 4.090 4.090
5 -2 -1
0.000 0.000 0.000
5 -3 -1
0.000 0.000 0.000
5 -3 0
0.000 0.000 0.000
5 -2 0
0.000 0.000 0.000
5 -1 -1
5.955 5.955 5.955
5 -2 -1
5.955 5.955 5.955
5 -2 0
5.955 5.955 5.955
5 -1 0
5.955 5.955 5.955
5 0 -1
0.000 0.000 0.000
5 -1 -1
0.000 0.000 0.000
5 -1 0
0.000 0.000 0.000
5 0 0
0.000 0.000 0.000
5 1 -1
7.007 7.007 7.007
5 0 -1
7.007 7.007 7.007
5 0 0
7.007 7.007 7.007
5 1 0
7.007 7.007 7.007
5 2 -1
0.000 0.000 0.000
5 1 -1
0.000 0.000 0.000
5 1 0
0.000 0.000 0.000
5 2 0
0.000 0.000 0.000
5 3 -1
4.911 4.911 4.911
5 2 -1
4.911 4.911 4.911
5 2 0
4.911 4.911 4.911
5 3 0
4.911 4.911 4.911
5 4 -1
0.000 0.000 0.000
5 3 -1
0.000 0.000 0.000
5 3 0
0.000 0.000 0.000
5 4 0
0.000 0.000 0.000
5 5 -1
3.389 3.389 3.389
5 4 -1
3.389 3.389 3.389
5 4 0
3.389 3.389 3.389
5 5 0
3.389 3.389 3.389
5 -4 0
3.111 3.111 3.111
5 -5 0
3.111 3.111 3.111
5 -5 1
3.111 3.111 3.111
5 -4 1
3.111 3.111 3.111
5 -3 0
0.000 0.000 0.000
5 -4 0
0.000 0.000 0.000
5 -4 1
0.000 0.000 0.000
5 -3 1
0.000 0.000 0.000
5 -2 0
4.885 4.885 4.885
5 -3 0
4.885 4.885 4.885
5 -3 1
4.885 4.885 4.885
5 -2 1
4.885 4.885 4.885
5 -1 0
0.000 0.000 0.000
5 -2 0
0.000 0.000 0.000
5 -2 1
0.000 0.000 0.000
5 -1 1
0.000 0.000 0.000
5 0 0
6.928 6.928 6.928
5 -1 0
6.928 6.928 6.928
5 -1 1
6.928 6.928 6.928
5 0 1
6.928 6.928 6.928
5 1 0
0.000 0.000 0.000
5 0 0
0.000 0.000 0.000
5 0 1
0.000 0.000 0.000
5 1 1
0.000 0.000 0.000
5 2 0
5.822 5.822 5.822
5 1 0
5.822 5.822 5.822
5 1 1
5.822 5.822 5.822
5 2 1
5.822 5.822 5.822
5 3 0
0.000 0.000 0.000
5 2 0
0.000 0.000 0.000
5 2 1
0.000 0.000 0.000
5 3 1
0.000 0.000 0.000
5 4 0
4.000 4.000 4.000
5 3 0
4.000 4.000 4.000
5 3 1
4.000 4.000 4.000
5 4 1
4.000 4.000 4.000
5 5 0
0.000 0.000 0.000
5 4 0
0.000 0.000 0.000
5 4 1
0.000 0.000 0.000
5 5 1
0.000 0.000 0.000
5 -4 1
0.000 0.000 0.000
5 -5 1
0.000 0.000 0.000
5 -5 2
0.000 0.000 0.000
5 -4 2
0.000 0.000 0.000
5 -3 1
3.675 3.675 3.675
5 -4 1
3.675 3.675 3.675
5 -4 2
3.675 3.675 3.675
5 -3 2
3.675 3.675 3.675
5 -2 1
0.000 0.000 0.000
5 -3 1
0.000 0.000 0.000
5 -3 2
0.000 0.000 0.000
5 -2 2
0.000 0.000 0.000
5 -1 1
5.004 5.004 5.004
5 -2 1
5.004 5.004 5.004
5 -2 2
5.004 5.004 5.004
5 -1 2
5.004 5.004 5.004
5 0 1
0.000 0.000 0.000
5 -1 1
0.000 0.000 0.000
5 -1 2
0.000 0.000 0.000
5 0 2
0.000 0.000 0.000
5 1 1
5.730 5.730 5.730
5 0 1
5.730 5.730 5.730
5 0 2
5.730 5.730 5.730
5 1 2
5.730 5.730 5.730
5 2 1
0.000 0.000 0.000
5 1 1
0.000 0.000 0.000
5 1 2
0.000 0.000 0.000
5 2 2
0.000 0.000 0.000
5 3 1
4.294 4.294 4.294
5 2 1
4.294 4.294 4.294
5 2 2
4.294 4.294 4.294
5 3 2
4.294 4.294 4.294
5 4 1
0.000 0.000 0.000
5 3 1
0.000 0.000 0.000
5 3 2
0.000 0.000 0.000
5 4 2
0.000 0.000 0.000
5 5 1
3.108 3.108 3.108
5 4 1
3.108 3.108 3.108
5 4 2
3.108 3.108 3.108
5 5 2
3.108 3.108 3.108
5 -4 2
2.640 2.640 2.640
5 -5 2
2.640 2.640 2.640
5 -5 3
2.640 2.640 2.640
5 -4 3
2.640 2.640 2.640
5 -3 2
0.000 0.000 0.000
5 -4 2
0.000 0.000 0.000
5 -4 3
0.000 0.000 0.000
5 -3 3
0.000 0.000 0.000
5 -2 2
3.762 3.762 3.762
5 -3 2
3.762 3.762 3.762
5 -3 3
3.762 3.762 3.762
5 -2 3
3.762 3.762 3.762
5 -1 2
0.000 0.000 0.000
5 -2 2
0.000 0.000 0.000
5 -2 3
0.000 0.000 0.000
5 -1 3
0.000 0.000 0.000
5 0 2
4.637 4.637 4.637
5 -1 2
4.637 4.637 4.637
5 -1 3
4.637 4.637 4.637
5 0 3
4.637 4.637 4.637
5 1 2
0.000 0.000 0.000
5 0 2
0.000 0.000 0.000
5 0 3
0.000 0.000 0.000
5 1 3
0.000 0.000 0.000
5 2 2
4.168 4.168 4.168
5 1 2
4.168 4.168 4.168
5 1 3
4.168 4.168 4.168
5 2 3
4.168 4.168 4.168
5 3 2
0.000 0.000 0.000
5 2 2
0.000 0.000 0.000
5 2 3
0.000 0.000 0.000
5 3 3
0.000 0.000 0.000
5 4 2
3.262 3.262 3.262
5 3 2
3.262 3.262 3.262
5 3 3
3.262 3.262 3.262
5 4 3
3.262 3.262 3.262
5 5 2
0.000 0.000 0.000
5 4 2
0.000 0.000 0.000
5 4 3
0.000 0.000 0.000
5 5 3
0.000 0.000 0.000
5 -4 3
0.000 0.000 0.000
5 -5 3
0.000 0.000 0.000
5 -5 4
0.000 0.000 0.000
5 -4 4
0.000 0.000 0.000
5 -3 3
2.818 2.818 2.818
5 -4 3
2.818 2.818 2.818
5 -4 4
2.818 2.818 2.818
5 -3 4
2.818 2.818 2.818
5 -2 3
0.000 0.000 0.000
5 -3 3
0.000 0.000 0.000
5 -3 4
0.000 0.000 0.000
5 -2 4
0.000 0.000 0.000
5 -1 3
3.420 3.420 3.420
5 -2 3
3.420 3.420 3.420
5 -2 4
3.420 3.420 3.420
5 -1 4
3.420 3.420 3.420
5 0 3
0.000 0.000 0.000
5 -1 3
0.000 0.000 0.000
5 -1 4
0.000 0.000 0.000
5 0 4
0.000 0.000 0.000
5 1 3
3.680 3.680 3.680
5 0 3
3.680 3.680 3.680
5 0 4
3.680 3.680 3.680
5 1 4
3.680 3.680 3.680
5 2 3
0.000 0.000 0.000
5 1 3
0.000 0.000 0.000
5 1 4
0.000 0.000 0.000
5 2 4
0.000 0.000 0.000
5 3 3
3.140 3.140 3.140
5 2 3
3.140 3.140 3.140
5 2 4
3.140 3.140 3.140
5 3 4
3.140 3.140 3.140
5 4 3
0.000 0.000 0.000
5 3 3
0.000 0.000 0.000
5 3 4
0.000 0.000 0.000
5 4 4
0.000 0.000 0.000
5 5 3
2.491 2.491 2.491
5 4 3
2.491 2.491 2.491
5 4 4
2.491 2.491 2.491
5 5 4
2.491 2.491 2.491
5 -4 4
1.920 1.920 1.920
5 -5 4
1.920 1.920 1.920
5 -5 5
1.920 1.920 1.920
5 -4 5
1.920 1.920 1.920
5 -3 4
0.000 0.000 0.000
5 -4 4
0.000 0.000 0.000
5 -4 5
0.000 0.000 0.000
5 -3 5
0.000 0.000 0.000
5 -2 4
2.548 2.548 2.548
5 -3 4
2.548 2.548 2.548
5 -3 5
2.548 2.548 2.548
5 -2 5
2.548 2.548 2.548
5 -1 4
0.000 0.000 0.000
5 -2 4
0.000 0.000 0.000
5 -2 5
0.000 0.000 0.000
5 -1 5
0.000 0.000 0.000
5 0 4
2.886 2.886 2.886
5 -1 4
2.886 2.886 2.886
5 -1 5
2.886 2.886 2.886
5 0 5
2.886 2.886 2.886
5 1 4
0.000 0.000 0.000
5 0 4
0.000 0.000 0.000
5 0 5
0.000 0.000 0.000
5 1 5
0.000 0.000 0.000
5 2 4
2.719 2.719 2.719
5 1 4
2.719 2.719 2.719
5 1 5
2.719 2.719 2.719
5 2 5
2.719 2.719 2.719
5 3 4
0.000 0.000 0.000
5 2 4
0.000 0.000 0.000
5 2 5
0.000 0.000 0.000
5 3 5
0.000 0.000 0.000
5 4 4
2.294 2.294 2.294
5 3 4
2.294 2.294 2.294
5 3 5
2.294 2.294 2.294
5 4 5
2.294 2.294 2.294
5 5 4
0.000 0.000 0.000
5 4 4
0.000 0.000 0.000
5 4 5
0.000 0.000 0.000
5 5 5
0.000 0.000 0.000
1.25 -1.25 -1.25
60.321 60.321 60.321
1.25 1.25 -1.25
60.321 60.321 60.321
1.25 1.25 1.25
60.321 60.321 60.321
1.25 -1.25 1.25
60.321 60.321 60.321
1.25 1.25 -1.25
60.322 60.322 60.322
-1.25 1.25 -1.25
60.322 60.322 60.322
-1.25 1.25 1.25
60.322 60.322 60.322
1.25 1.25 1.25
60.322 60.322 60.322
-1.25 1.25 -1.25
60.322 60.322 60.322
-1.25 -1.25 -1.25
60.322 60.322 60.322
-1.25 -1.25 1.25
60.322 60.322 60.322
-1.25 1.25 1.25
60.322 60.322 60.322
1.25 -1.25 -1.25
60.321 60.321 60.321
1.25 -1.25 1.25
60.321 60.321 60.321
-1.25 -1.25 1.25
60.321 60.321 60.321
-1.25 -1.25 -1.25
60.321 60.321 60.321
1.25 -1.25 1.25
60.015 60.015 60.015
1.25 1.25 1.25
60.015 60.015 60.015
-1.25 1.25 1.25
60.015 60.015 60.015
-1.25 -1.25 1.25
60.015 60.015 60.015
1.25 -1.25 -1.25
60.322 60.322 60.322
-1.25 -1.25 -1.25
60.322 60.322 60.322
-1.25 1.25 -1.25
60.322 60.322 60.322
1.25 1.25 -1.25
60.322 60.322 60.322
